[0.966s] Invoking command in '/home/student/ku_turtlebot/src/main_package': PYTHONPATH=/home/student/ku_turtlebot/install/main_package/lib/python3.8/site-packages: /usr/bin/python3 setup.py egg_info --egg-base ../../build/main_package build --build-base /home/student/ku_turtlebot/build/main_package/build install --prefix /home/student/ku_turtlebot/install/main_package --record /home/student/ku_turtlebot/build/main_package/install.log --single-version-externally-managed
[1.812s] running egg_info
[1.815s] creating ../../build/main_package/main_package.egg-info
[1.817s] writing ../../build/main_package/main_package.egg-info/PKG-INFO
[1.818s] writing dependency_links to ../../build/main_package/main_package.egg-info/dependency_links.txt
[1.819s] writing entry points to ../../build/main_package/main_package.egg-info/entry_points.txt
[1.820s] writing requirements to ../../build/main_package/main_package.egg-info/requires.txt
[1.822s] writing top-level names to ../../build/main_package/main_package.egg-info/top_level.txt
[1.877s] writing manifest file '../../build/main_package/main_package.egg-info/SOURCES.txt'
[2.177s] reading manifest file '../../build/main_package/main_package.egg-info/SOURCES.txt'
[2.181s] writing manifest file '../../build/main_package/main_package.egg-info/SOURCES.txt'
[2.182s] running build
[2.182s] running build_py
[2.184s] creating /home/student/ku_turtlebot/build/main_package/build
[2.185s] creating /home/student/ku_turtlebot/build/main_package/build/lib
[2.186s] creating /home/student/ku_turtlebot/build/main_package/build/lib/main_package
[2.186s] copying main_package/demo_sub.py -> /home/student/ku_turtlebot/build/main_package/build/lib/main_package
[2.187s] copying main_package/webcam.py -> /home/student/ku_turtlebot/build/main_package/build/lib/main_package
[2.189s] copying main_package/__init__.py -> /home/student/ku_turtlebot/build/main_package/build/lib/main_package
[2.190s] copying main_package/webcam_test.py -> /home/student/ku_turtlebot/build/main_package/build/lib/main_package
[2.190s] copying main_package/demo_pub.py -> /home/student/ku_turtlebot/build/main_package/build/lib/main_package
[2.191s] running install
[2.208s] running install_lib
[2.217s] creating /home/student/ku_turtlebot/install/main_package/lib/python3.8/site-packages/main_package
[2.218s] copying /home/student/ku_turtlebot/build/main_package/build/lib/main_package/demo_sub.py -> /home/student/ku_turtlebot/install/main_package/lib/python3.8/site-packages/main_package
[2.219s] copying /home/student/ku_turtlebot/build/main_package/build/lib/main_package/webcam.py -> /home/student/ku_turtlebot/install/main_package/lib/python3.8/site-packages/main_package
[2.221s] copying /home/student/ku_turtlebot/build/main_package/build/lib/main_package/__init__.py -> /home/student/ku_turtlebot/install/main_package/lib/python3.8/site-packages/main_package
[2.221s] copying /home/student/ku_turtlebot/build/main_package/build/lib/main_package/webcam_test.py -> /home/student/ku_turtlebot/install/main_package/lib/python3.8/site-packages/main_package
[2.222s] copying /home/student/ku_turtlebot/build/main_package/build/lib/main_package/demo_pub.py -> /home/student/ku_turtlebot/install/main_package/lib/python3.8/site-packages/main_package
[2.223s] byte-compiling /home/student/ku_turtlebot/install/main_package/lib/python3.8/site-packages/main_package/demo_sub.py to demo_sub.cpython-38.pyc
[2.233s] byte-compiling /home/student/ku_turtlebot/install/main_package/lib/python3.8/site-packages/main_package/webcam.py to webcam.cpython-38.pyc
[2.236s] byte-compiling /home/student/ku_turtlebot/install/main_package/lib/python3.8/site-packages/main_package/__init__.py to __init__.cpython-38.pyc
[2.238s] byte-compiling /home/student/ku_turtlebot/install/main_package/lib/python3.8/site-packages/main_package/webcam_test.py to webcam_test.cpython-38.pyc
[2.239s] byte-compiling /home/student/ku_turtlebot/install/main_package/lib/python3.8/site-packages/main_package/demo_pub.py to demo_pub.cpython-38.pyc
[2.242s] running install_data
[2.247s] copying resource/main_package -> /home/student/ku_turtlebot/install/main_package/share/ament_index/resource_index/packages
[2.249s] copying package.xml -> /home/student/ku_turtlebot/install/main_package/share/main_package
[2.251s] copying launch/_launch.py -> /home/student/ku_turtlebot/install/main_package/share/main_package
[2.252s] running install_egg_info
[2.285s] Copying ../../build/main_package/main_package.egg-info to /home/student/ku_turtlebot/install/main_package/lib/python3.8/site-packages/main_package-0.0.0-py3.8.egg-info
[2.290s] running install_scripts
[2.445s] Installing listener script to /home/student/ku_turtlebot/install/main_package/lib/main_package
[2.447s] Installing talker script to /home/student/ku_turtlebot/install/main_package/lib/main_package
[2.449s] Installing webcam script to /home/student/ku_turtlebot/install/main_package/lib/main_package
[2.451s] Installing webcam_test script to /home/student/ku_turtlebot/install/main_package/lib/main_package
[2.451s] writing list of installed files to '/home/student/ku_turtlebot/build/main_package/install.log'
[2.529s] Invoked command in '/home/student/ku_turtlebot/src/main_package' returned '0': PYTHONPATH=/home/student/ku_turtlebot/install/main_package/lib/python3.8/site-packages: /usr/bin/python3 setup.py egg_info --egg-base ../../build/main_package build --build-base /home/student/ku_turtlebot/build/main_package/build install --prefix /home/student/ku_turtlebot/install/main_package --record /home/student/ku_turtlebot/build/main_package/install.log --single-version-externally-managed
