[0.286s] Invoking command in '/home/student/ku_turtlebot/src/main_package': PYTHONPATH=/home/student/ku_turtlebot/install/main_package/lib/python3.8/site-packages:${PYTHONPATH} /usr/bin/python3 setup.py egg_info --egg-base ../../build/main_package build --build-base /home/student/ku_turtlebot/build/main_package/build install --prefix /home/student/ku_turtlebot/install/main_package --record /home/student/ku_turtlebot/build/main_package/install.log --single-version-externally-managed
[0.513s] running egg_info
[0.513s] writing ../../build/main_package/main_package.egg-info/PKG-INFO
[0.514s] writing dependency_links to ../../build/main_package/main_package.egg-info/dependency_links.txt
[0.514s] writing entry points to ../../build/main_package/main_package.egg-info/entry_points.txt
[0.515s] writing requirements to ../../build/main_package/main_package.egg-info/requires.txt
[0.515s] writing top-level names to ../../build/main_package/main_package.egg-info/top_level.txt
[0.550s] reading manifest file '../../build/main_package/main_package.egg-info/SOURCES.txt'
[0.551s] writing manifest file '../../build/main_package/main_package.egg-info/SOURCES.txt'
[0.552s] running build
[0.552s] running build_py
[0.552s] copying main_package/sonar.py -> /home/student/ku_turtlebot/build/main_package/build/lib/main_package
[0.552s] running install
[0.553s] running install_lib
[0.555s] copying /home/student/ku_turtlebot/build/main_package/build/lib/main_package/sonar.py -> /home/student/ku_turtlebot/install/main_package/lib/python3.8/site-packages/main_package
[0.555s] byte-compiling /home/student/ku_turtlebot/install/main_package/lib/python3.8/site-packages/main_package/sonar.py to sonar.cpython-38.pyc
[0.556s] Sorry: TabError: inconsistent use of tabs and spaces in indentation (sonar.py, line 100)
[0.557s] running install_data
[0.557s] running install_egg_info
[0.559s] removing '/home/student/ku_turtlebot/install/main_package/lib/python3.8/site-packages/main_package-0.0.0-py3.8.egg-info' (and everything under it)
[0.559s] Copying ../../build/main_package/main_package.egg-info to /home/student/ku_turtlebot/install/main_package/lib/python3.8/site-packages/main_package-0.0.0-py3.8.egg-info
[0.561s] running install_scripts
[0.580s] Installing listener script to /home/student/ku_turtlebot/install/main_package/lib/main_package
[0.580s] Installing sonar_test script to /home/student/ku_turtlebot/install/main_package/lib/main_package
[0.580s] Installing talker script to /home/student/ku_turtlebot/install/main_package/lib/main_package
[0.582s] Installing webcam script to /home/student/ku_turtlebot/install/main_package/lib/main_package
[0.582s] Installing webcam_test script to /home/student/ku_turtlebot/install/main_package/lib/main_package
[0.583s] writing list of installed files to '/home/student/ku_turtlebot/build/main_package/install.log'
[0.607s] Invoked command in '/home/student/ku_turtlebot/src/main_package' returned '0': PYTHONPATH=/home/student/ku_turtlebot/install/main_package/lib/python3.8/site-packages:${PYTHONPATH} /usr/bin/python3 setup.py egg_info --egg-base ../../build/main_package build --build-base /home/student/ku_turtlebot/build/main_package/build install --prefix /home/student/ku_turtlebot/install/main_package --record /home/student/ku_turtlebot/build/main_package/install.log --single-version-externally-managed
