running egg_info
creating ../../build/main_package/main_package.egg-info
writing ../../build/main_package/main_package.egg-info/PKG-INFO
writing dependency_links to ../../build/main_package/main_package.egg-info/dependency_links.txt
writing entry points to ../../build/main_package/main_package.egg-info/entry_points.txt
writing requirements to ../../build/main_package/main_package.egg-info/requires.txt
writing top-level names to ../../build/main_package/main_package.egg-info/top_level.txt
writing manifest file '../../build/main_package/main_package.egg-info/SOURCES.txt'
reading manifest file '../../build/main_package/main_package.egg-info/SOURCES.txt'
writing manifest file '../../build/main_package/main_package.egg-info/SOURCES.txt'
running build
running build_py
creating /home/ubuntu/ku_turtlebot/build/main_package/build
creating /home/ubuntu/ku_turtlebot/build/main_package/build/lib
creating /home/ubuntu/ku_turtlebot/build/main_package/build/lib/main_package
copying main_package/__init__.py -> /home/ubuntu/ku_turtlebot/build/main_package/build/lib/main_package
copying main_package/demo_sub.py -> /home/ubuntu/ku_turtlebot/build/main_package/build/lib/main_package
copying main_package/demo_pub.py -> /home/ubuntu/ku_turtlebot/build/main_package/build/lib/main_package
running install
running install_lib
creating /home/ubuntu/ku_turtlebot/install/main_package/lib/python3.8/site-packages/main_package
copying /home/ubuntu/ku_turtlebot/build/main_package/build/lib/main_package/__init__.py -> /home/ubuntu/ku_turtlebot/install/main_package/lib/python3.8/site-packages/main_package
copying /home/ubuntu/ku_turtlebot/build/main_package/build/lib/main_package/demo_sub.py -> /home/ubuntu/ku_turtlebot/install/main_package/lib/python3.8/site-packages/main_package
copying /home/ubuntu/ku_turtlebot/build/main_package/build/lib/main_package/demo_pub.py -> /home/ubuntu/ku_turtlebot/install/main_package/lib/python3.8/site-packages/main_package
byte-compiling /home/ubuntu/ku_turtlebot/install/main_package/lib/python3.8/site-packages/main_package/__init__.py to __init__.cpython-38.pyc
byte-compiling /home/ubuntu/ku_turtlebot/install/main_package/lib/python3.8/site-packages/main_package/demo_sub.py to demo_sub.cpython-38.pyc
byte-compiling /home/ubuntu/ku_turtlebot/install/main_package/lib/python3.8/site-packages/main_package/demo_pub.py to demo_pub.cpython-38.pyc
running install_data
running install_egg_info
Copying ../../build/main_package/main_package.egg-info to /home/ubuntu/ku_turtlebot/install/main_package/lib/python3.8/site-packages/main_package-0.0.0-py3.8.egg-info
running install_scripts
Installing listener script to /home/ubuntu/ku_turtlebot/install/main_package/lib/main_package
Installing talker script to /home/ubuntu/ku_turtlebot/install/main_package/lib/main_package
writing list of installed files to '/home/ubuntu/ku_turtlebot/build/main_package/install.log'
