[0.866s] Invoking command in '/home/student/ku_turtlebot/src/main_package': PYTHONPATH=/home/student/ku_turtlebot/install/main_package/lib/python3.8/site-packages:${PYTHONPATH} /usr/bin/python3 setup.py egg_info --egg-base ../../build/main_package build --build-base /home/student/ku_turtlebot/build/main_package/build install --prefix /home/student/ku_turtlebot/install/main_package --record /home/student/ku_turtlebot/build/main_package/install.log --single-version-externally-managed
[1.599s] running egg_info
[1.601s] writing ../../build/main_package/main_package.egg-info/PKG-INFO
[1.603s] writing dependency_links to ../../build/main_package/main_package.egg-info/dependency_links.txt
[1.605s] writing entry points to ../../build/main_package/main_package.egg-info/entry_points.txt
[1.605s] writing requirements to ../../build/main_package/main_package.egg-info/requires.txt
[1.606s] writing top-level names to ../../build/main_package/main_package.egg-info/top_level.txt
[1.709s] reading manifest file '../../build/main_package/main_package.egg-info/SOURCES.txt'
[1.713s] writing manifest file '../../build/main_package/main_package.egg-info/SOURCES.txt'
[1.713s] running build
[1.714s] running build_py
[1.715s] running install
[1.717s] running install_lib
[1.722s] running install_data
[1.724s] running install_egg_info
[1.729s] removing '/home/student/ku_turtlebot/install/main_package/lib/python3.8/site-packages/main_package-0.0.0-py3.8.egg-info' (and everything under it)
[1.729s] Copying ../../build/main_package/main_package.egg-info to /home/student/ku_turtlebot/install/main_package/lib/python3.8/site-packages/main_package-0.0.0-py3.8.egg-info
[1.732s] running install_scripts
[1.786s] Installing listener script to /home/student/ku_turtlebot/install/main_package/lib/main_package
[1.788s] Installing talker script to /home/student/ku_turtlebot/install/main_package/lib/main_package
[1.789s] Installing webcam script to /home/student/ku_turtlebot/install/main_package/lib/main_package
[1.790s] Installing webcam_test script to /home/student/ku_turtlebot/install/main_package/lib/main_package
[1.791s] writing list of installed files to '/home/student/ku_turtlebot/build/main_package/install.log'
[1.843s] Invoked command in '/home/student/ku_turtlebot/src/main_package' returned '0': PYTHONPATH=/home/student/ku_turtlebot/install/main_package/lib/python3.8/site-packages:${PYTHONPATH} /usr/bin/python3 setup.py egg_info --egg-base ../../build/main_package build --build-base /home/student/ku_turtlebot/build/main_package/build install --prefix /home/student/ku_turtlebot/install/main_package --record /home/student/ku_turtlebot/build/main_package/install.log --single-version-externally-managed
