[0.418s] Invoking command in '/home/jordy/ku_turtlebot/src/main_package': CONDA_PROMPT_MODIFIER=(cs) PYTHONPATH=/home/jordy/ku_turtlebot/install/main_package/lib/python3.8/site-packages:${PYTHONPATH} /usr/bin/python3 setup.py egg_info --egg-base ../../build/main_package build --build-base /home/jordy/ku_turtlebot/build/main_package/build install --prefix /home/jordy/ku_turtlebot/install/main_package --record /home/jordy/ku_turtlebot/build/main_package/install.log --single-version-externally-managed
[0.957s] running egg_info
[0.958s] writing ../../build/main_package/main_package.egg-info/PKG-INFO
[0.958s] writing dependency_links to ../../build/main_package/main_package.egg-info/dependency_links.txt
[0.959s] writing entry points to ../../build/main_package/main_package.egg-info/entry_points.txt
[0.959s] writing requirements to ../../build/main_package/main_package.egg-info/requires.txt
[0.959s] writing top-level names to ../../build/main_package/main_package.egg-info/top_level.txt
[1.180s] reading manifest file '../../build/main_package/main_package.egg-info/SOURCES.txt'
[1.199s] writing manifest file '../../build/main_package/main_package.egg-info/SOURCES.txt'
[1.199s] running build
[1.199s] running build_py
[1.199s] copying main_package/demo_sub.py -> /home/jordy/ku_turtlebot/build/main_package/build/lib/main_package
[1.200s] copying main_package/demo_pub.py -> /home/jordy/ku_turtlebot/build/main_package/build/lib/main_package
[1.200s] copying main_package/webcam_stream.py -> /home/jordy/ku_turtlebot/build/main_package/build/lib/main_package
[1.200s] running install
[1.222s] running install_lib
[1.225s] copying /home/jordy/ku_turtlebot/build/main_package/build/lib/main_package/demo_sub.py -> /home/jordy/ku_turtlebot/install/main_package/lib/python3.8/site-packages/main_package
[1.225s] copying /home/jordy/ku_turtlebot/build/main_package/build/lib/main_package/demo_pub.py -> /home/jordy/ku_turtlebot/install/main_package/lib/python3.8/site-packages/main_package
[1.225s] copying /home/jordy/ku_turtlebot/build/main_package/build/lib/main_package/webcam_stream.py -> /home/jordy/ku_turtlebot/install/main_package/lib/python3.8/site-packages/main_package
[1.227s] byte-compiling /home/jordy/ku_turtlebot/install/main_package/lib/python3.8/site-packages/main_package/demo_sub.py to demo_sub.cpython-38.pyc
[1.229s] byte-compiling /home/jordy/ku_turtlebot/install/main_package/lib/python3.8/site-packages/main_package/demo_pub.py to demo_pub.cpython-38.pyc
[1.231s] byte-compiling /home/jordy/ku_turtlebot/install/main_package/lib/python3.8/site-packages/main_package/webcam_stream.py to webcam_stream.cpython-38.pyc
[1.231s] running install_data
[1.233s] copying launch/_launch.py -> /home/jordy/ku_turtlebot/install/main_package/share/main_package
[1.233s] running install_egg_info
[1.237s] removing '/home/jordy/ku_turtlebot/install/main_package/lib/python3.8/site-packages/main_package-0.0.0-py3.8.egg-info' (and everything under it)
[1.237s] Copying ../../build/main_package/main_package.egg-info to /home/jordy/ku_turtlebot/install/main_package/lib/python3.8/site-packages/main_package-0.0.0-py3.8.egg-info
[1.264s] running install_scripts
[1.327s] Installing listener script to /home/jordy/ku_turtlebot/install/main_package/lib/main_package
[1.348s] Installing talker script to /home/jordy/ku_turtlebot/install/main_package/lib/main_package
[1.348s] Installing webcam script to /home/jordy/ku_turtlebot/install/main_package/lib/main_package
[1.348s] Installing webcam_stream script to /home/jordy/ku_turtlebot/install/main_package/lib/main_package
[1.349s] Installing webcam_test script to /home/jordy/ku_turtlebot/install/main_package/lib/main_package
[1.349s] writing list of installed files to '/home/jordy/ku_turtlebot/build/main_package/install.log'
[1.385s] Invoked command in '/home/jordy/ku_turtlebot/src/main_package' returned '0': CONDA_PROMPT_MODIFIER=(cs) PYTHONPATH=/home/jordy/ku_turtlebot/install/main_package/lib/python3.8/site-packages:${PYTHONPATH} /usr/bin/python3 setup.py egg_info --egg-base ../../build/main_package build --build-base /home/jordy/ku_turtlebot/build/main_package/build install --prefix /home/jordy/ku_turtlebot/install/main_package --record /home/jordy/ku_turtlebot/build/main_package/install.log --single-version-externally-managed
