[0.415s] Invoking command in '/home/jef/Documents/turtlebot/ku_turtlebot/src/main_package': PYTHONPATH=/home/jef/Documents/turtlebot/ku_turtlebot/install/main_package/lib/python3.8/site-packages:${PYTHONPATH} /usr/bin/python3 setup.py egg_info --egg-base ../../build/main_package build --build-base /home/jef/Documents/turtlebot/ku_turtlebot/build/main_package/build install --prefix /home/jef/Documents/turtlebot/ku_turtlebot/install/main_package --record /home/jef/Documents/turtlebot/ku_turtlebot/build/main_package/install.log --single-version-externally-managed
[0.764s] running egg_info
[0.766s] writing ../../build/main_package/main_package.egg-info/PKG-INFO
[0.788s] writing dependency_links to ../../build/main_package/main_package.egg-info/dependency_links.txt
[0.789s] writing entry points to ../../build/main_package/main_package.egg-info/entry_points.txt
[0.789s] writing requirements to ../../build/main_package/main_package.egg-info/requires.txt
[0.790s] writing top-level names to ../../build/main_package/main_package.egg-info/top_level.txt
[1.161s] reading manifest file '../../build/main_package/main_package.egg-info/SOURCES.txt'
[1.171s] writing manifest file '../../build/main_package/main_package.egg-info/SOURCES.txt'
[1.171s] running build
[1.171s] running build_py
[1.172s] copying main_package/lidar.py -> /home/jef/Documents/turtlebot/ku_turtlebot/build/main_package/build/lib/main_package
[1.194s] copying main_package/lidar_test.py -> /home/jef/Documents/turtlebot/ku_turtlebot/build/main_package/build/lib/main_package
[1.195s] running install
[1.213s] running install_lib
[1.215s] copying /home/jef/Documents/turtlebot/ku_turtlebot/build/main_package/build/lib/main_package/lidar.py -> /home/jef/Documents/turtlebot/ku_turtlebot/install/main_package/lib/python3.8/site-packages/main_package
[1.216s] copying /home/jef/Documents/turtlebot/ku_turtlebot/build/main_package/build/lib/main_package/lidar_test.py -> /home/jef/Documents/turtlebot/ku_turtlebot/install/main_package/lib/python3.8/site-packages/main_package
[1.217s] byte-compiling /home/jef/Documents/turtlebot/ku_turtlebot/install/main_package/lib/python3.8/site-packages/main_package/lidar.py to lidar.cpython-38.pyc
[1.218s] byte-compiling /home/jef/Documents/turtlebot/ku_turtlebot/install/main_package/lib/python3.8/site-packages/main_package/lidar_test.py to lidar_test.cpython-38.pyc
[1.219s] running install_data
[1.228s] running install_egg_info
[1.244s] removing '/home/jef/Documents/turtlebot/ku_turtlebot/install/main_package/lib/python3.8/site-packages/main_package-0.0.0-py3.8.egg-info' (and everything under it)
[1.244s] Copying ../../build/main_package/main_package.egg-info to /home/jef/Documents/turtlebot/ku_turtlebot/install/main_package/lib/python3.8/site-packages/main_package-0.0.0-py3.8.egg-info
[1.260s] running install_scripts
[1.331s] Installing lidar script to /home/jef/Documents/turtlebot/ku_turtlebot/install/main_package/lib/main_package
[1.346s] Installing listener script to /home/jef/Documents/turtlebot/ku_turtlebot/install/main_package/lib/main_package
[1.346s] Installing talker script to /home/jef/Documents/turtlebot/ku_turtlebot/install/main_package/lib/main_package
[1.347s] Installing webcam script to /home/jef/Documents/turtlebot/ku_turtlebot/install/main_package/lib/main_package
[1.347s] Installing webcam_test script to /home/jef/Documents/turtlebot/ku_turtlebot/install/main_package/lib/main_package
[1.347s] writing list of installed files to '/home/jef/Documents/turtlebot/ku_turtlebot/build/main_package/install.log'
[1.367s] Invoked command in '/home/jef/Documents/turtlebot/ku_turtlebot/src/main_package' returned '0': PYTHONPATH=/home/jef/Documents/turtlebot/ku_turtlebot/install/main_package/lib/python3.8/site-packages:${PYTHONPATH} /usr/bin/python3 setup.py egg_info --egg-base ../../build/main_package build --build-base /home/jef/Documents/turtlebot/ku_turtlebot/build/main_package/build install --prefix /home/jef/Documents/turtlebot/ku_turtlebot/install/main_package --record /home/jef/Documents/turtlebot/ku_turtlebot/build/main_package/install.log --single-version-externally-managed
