[0.273s] Invoking command in '/home/jordy/ku_turtlebot/src/main_package': PYTHONPATH=/home/jordy/ku_turtlebot/install/main_package/lib/python3.8/site-packages:${PYTHONPATH} /usr/bin/python3 setup.py egg_info --egg-base ../../build/main_package build --build-base /home/jordy/ku_turtlebot/build/main_package/build install --prefix /home/jordy/ku_turtlebot/install/main_package --record /home/jordy/ku_turtlebot/build/main_package/install.log --single-version-externally-managed
[0.543s] running egg_info
[0.544s] writing ../../build/main_package/main_package.egg-info/PKG-INFO
[0.544s] writing dependency_links to ../../build/main_package/main_package.egg-info/dependency_links.txt
[0.544s] writing entry points to ../../build/main_package/main_package.egg-info/entry_points.txt
[0.544s] writing requirements to ../../build/main_package/main_package.egg-info/requires.txt
[0.544s] writing top-level names to ../../build/main_package/main_package.egg-info/top_level.txt
[0.579s] reading manifest file '../../build/main_package/main_package.egg-info/SOURCES.txt'
[0.580s] writing manifest file '../../build/main_package/main_package.egg-info/SOURCES.txt'
[0.580s] running build
[0.581s] running build_py
[0.581s] copying main_package/webcam.py -> /home/jordy/ku_turtlebot/build/main_package/build/lib/main_package
[0.581s] running install
[0.582s] running install_lib
[0.583s] copying /home/jordy/ku_turtlebot/build/main_package/build/lib/main_package/webcam.py -> /home/jordy/ku_turtlebot/install/main_package/lib/python3.8/site-packages/main_package
[0.583s] byte-compiling /home/jordy/ku_turtlebot/install/main_package/lib/python3.8/site-packages/main_package/webcam.py to webcam.cpython-38.pyc
[0.585s] running install_data
[0.586s] running install_egg_info
[0.587s] removing '/home/jordy/ku_turtlebot/install/main_package/lib/python3.8/site-packages/main_package-0.0.0-py3.8.egg-info' (and everything under it)
[0.588s] Copying ../../build/main_package/main_package.egg-info to /home/jordy/ku_turtlebot/install/main_package/lib/python3.8/site-packages/main_package-0.0.0-py3.8.egg-info
[0.588s] running install_scripts
[0.607s] Installing listener script to /home/jordy/ku_turtlebot/install/main_package/lib/main_package
[0.608s] Installing talker script to /home/jordy/ku_turtlebot/install/main_package/lib/main_package
[0.608s] Installing webcam script to /home/jordy/ku_turtlebot/install/main_package/lib/main_package
[0.608s] writing list of installed files to '/home/jordy/ku_turtlebot/build/main_package/install.log'
[0.632s] Invoked command in '/home/jordy/ku_turtlebot/src/main_package' returned '0': PYTHONPATH=/home/jordy/ku_turtlebot/install/main_package/lib/python3.8/site-packages:${PYTHONPATH} /usr/bin/python3 setup.py egg_info --egg-base ../../build/main_package build --build-base /home/jordy/ku_turtlebot/build/main_package/build install --prefix /home/jordy/ku_turtlebot/install/main_package --record /home/jordy/ku_turtlebot/build/main_package/install.log --single-version-externally-managed
