[0.274s] Invoking command in '/home/jordy/ku_turtlebot/src/main_package': CONDA_PROMPT_MODIFIER=(cs) PYTHONPATH=/home/jordy/ku_turtlebot/install/main_package/lib/python3.8/site-packages:${PYTHONPATH} /usr/bin/python3 setup.py egg_info --egg-base ../../build/main_package build --build-base /home/jordy/ku_turtlebot/build/main_package/build install --prefix /home/jordy/ku_turtlebot/install/main_package --record /home/jordy/ku_turtlebot/build/main_package/install.log --single-version-externally-managed
[0.496s] running egg_info
[0.496s] writing ../../build/main_package/main_package.egg-info/PKG-INFO
[0.496s] writing dependency_links to ../../build/main_package/main_package.egg-info/dependency_links.txt
[0.497s] writing entry points to ../../build/main_package/main_package.egg-info/entry_points.txt
[0.497s] writing requirements to ../../build/main_package/main_package.egg-info/requires.txt
[0.497s] writing top-level names to ../../build/main_package/main_package.egg-info/top_level.txt
[0.532s] reading manifest file '../../build/main_package/main_package.egg-info/SOURCES.txt'
[0.533s] writing manifest file '../../build/main_package/main_package.egg-info/SOURCES.txt'
[0.533s] running build
[0.533s] running build_py
[0.533s] copying main_package/webcam_stream.py -> /home/jordy/ku_turtlebot/build/main_package/build/lib/main_package
[0.533s] running install
[0.534s] running install_lib
[0.535s] copying /home/jordy/ku_turtlebot/build/main_package/build/lib/main_package/webcam_stream.py -> /home/jordy/ku_turtlebot/install/main_package/lib/python3.8/site-packages/main_package
[0.536s] byte-compiling /home/jordy/ku_turtlebot/install/main_package/lib/python3.8/site-packages/main_package/webcam_stream.py to webcam_stream.cpython-38.pyc
[0.537s]   File "/home/jordy/ku_turtlebot/install/main_package/lib/python3.8/site-packages/main_package/webcam_stream.py", line 25
[0.537s]     if(!self.cam.isOpened()):
[0.537s]        ^
[0.537s] SyntaxError: invalid syntax
[0.538s] 
[0.538s] running install_data
[0.538s] running install_egg_info
[0.539s] removing '/home/jordy/ku_turtlebot/install/main_package/lib/python3.8/site-packages/main_package-0.0.0-py3.8.egg-info' (and everything under it)
[0.540s] Copying ../../build/main_package/main_package.egg-info to /home/jordy/ku_turtlebot/install/main_package/lib/python3.8/site-packages/main_package-0.0.0-py3.8.egg-info
[0.541s] running install_scripts
[0.560s] Installing listener script to /home/jordy/ku_turtlebot/install/main_package/lib/main_package
[0.560s] Installing talker script to /home/jordy/ku_turtlebot/install/main_package/lib/main_package
[0.560s] Installing webcam script to /home/jordy/ku_turtlebot/install/main_package/lib/main_package
[0.560s] Installing webcam_stream script to /home/jordy/ku_turtlebot/install/main_package/lib/main_package
[0.560s] Installing webcam_test script to /home/jordy/ku_turtlebot/install/main_package/lib/main_package
[0.560s] writing list of installed files to '/home/jordy/ku_turtlebot/build/main_package/install.log'
[0.584s] Invoked command in '/home/jordy/ku_turtlebot/src/main_package' returned '0': CONDA_PROMPT_MODIFIER=(cs) PYTHONPATH=/home/jordy/ku_turtlebot/install/main_package/lib/python3.8/site-packages:${PYTHONPATH} /usr/bin/python3 setup.py egg_info --egg-base ../../build/main_package build --build-base /home/jordy/ku_turtlebot/build/main_package/build install --prefix /home/jordy/ku_turtlebot/install/main_package --record /home/jordy/ku_turtlebot/build/main_package/install.log --single-version-externally-managed
