[0.273s] Invoking command in '/home/student/ku_turtlebot/src/main_package': PYTHONPATH=/home/student/ku_turtlebot/install/main_package/lib/python3.8/site-packages:${PYTHONPATH} /usr/bin/python3 setup.py egg_info --egg-base ../../build/main_package build --build-base /home/student/ku_turtlebot/build/main_package/build install --prefix /home/student/ku_turtlebot/install/main_package --record /home/student/ku_turtlebot/build/main_package/install.log --single-version-externally-managed
[0.498s] running egg_info
[0.499s] writing ../../build/main_package/main_package.egg-info/PKG-INFO
[0.500s] writing dependency_links to ../../build/main_package/main_package.egg-info/dependency_links.txt
[0.501s] writing entry points to ../../build/main_package/main_package.egg-info/entry_points.txt
[0.502s] writing requirements to ../../build/main_package/main_package.egg-info/requires.txt
[0.503s] writing top-level names to ../../build/main_package/main_package.egg-info/top_level.txt
[0.537s] reading manifest file '../../build/main_package/main_package.egg-info/SOURCES.txt'
[0.539s] writing manifest file '../../build/main_package/main_package.egg-info/SOURCES.txt'
[0.539s] running build
[0.539s] running build_py
[0.540s] copying main_package/sonar.py -> /home/student/ku_turtlebot/build/main_package/build/lib/main_package
[0.540s] running install
[0.541s] running install_lib
[0.543s] copying /home/student/ku_turtlebot/build/main_package/build/lib/main_package/sonar.py -> /home/student/ku_turtlebot/install/main_package/lib/python3.8/site-packages/main_package
[0.544s] byte-compiling /home/student/ku_turtlebot/install/main_package/lib/python3.8/site-packages/main_package/sonar.py to sonar.cpython-38.pyc
[0.545s] Sorry: IndentationError: unindent does not match any outer indentation level (sonar.py, line 90)
[0.545s] running install_data
[0.546s] running install_egg_info
[0.548s] removing '/home/student/ku_turtlebot/install/main_package/lib/python3.8/site-packages/main_package-0.0.0-py3.8.egg-info' (and everything under it)
[0.549s] Copying ../../build/main_package/main_package.egg-info to /home/student/ku_turtlebot/install/main_package/lib/python3.8/site-packages/main_package-0.0.0-py3.8.egg-info
[0.551s] running install_scripts
[0.571s] Installing listener script to /home/student/ku_turtlebot/install/main_package/lib/main_package
[0.571s] Installing sonar_test script to /home/student/ku_turtlebot/install/main_package/lib/main_package
[0.572s] Installing talker script to /home/student/ku_turtlebot/install/main_package/lib/main_package
[0.573s] Installing webcam script to /home/student/ku_turtlebot/install/main_package/lib/main_package
[0.573s] Installing webcam_test script to /home/student/ku_turtlebot/install/main_package/lib/main_package
[0.574s] writing list of installed files to '/home/student/ku_turtlebot/build/main_package/install.log'
[0.598s] Invoked command in '/home/student/ku_turtlebot/src/main_package' returned '0': PYTHONPATH=/home/student/ku_turtlebot/install/main_package/lib/python3.8/site-packages:${PYTHONPATH} /usr/bin/python3 setup.py egg_info --egg-base ../../build/main_package build --build-base /home/student/ku_turtlebot/build/main_package/build install --prefix /home/student/ku_turtlebot/install/main_package --record /home/student/ku_turtlebot/build/main_package/install.log --single-version-externally-managed
