[0.301s] Invoking command in '/home/student/ku_turtlebot/src/main_package': PYTHONPATH=/home/student/ku_turtlebot/install/main_package/lib/python3.8/site-packages:${PYTHONPATH} /usr/bin/python3 setup.py egg_info --egg-base ../../build/main_package build --build-base /home/student/ku_turtlebot/build/main_package/build install --prefix /home/student/ku_turtlebot/install/main_package --record /home/student/ku_turtlebot/build/main_package/install.log --single-version-externally-managed
[0.540s] running egg_info
[0.541s] writing ../../build/main_package/main_package.egg-info/PKG-INFO
[0.543s] writing dependency_links to ../../build/main_package/main_package.egg-info/dependency_links.txt
[0.543s] writing entry points to ../../build/main_package/main_package.egg-info/entry_points.txt
[0.544s] writing requirements to ../../build/main_package/main_package.egg-info/requires.txt
[0.545s] writing top-level names to ../../build/main_package/main_package.egg-info/top_level.txt
[0.601s] reading manifest file '../../build/main_package/main_package.egg-info/SOURCES.txt'
[0.602s] writing manifest file '../../build/main_package/main_package.egg-info/SOURCES.txt'
[0.603s] running build
[0.603s] running build_py
[0.605s] copying main_package/sonar.py -> /home/student/ku_turtlebot/build/main_package/build/lib/main_package
[0.605s] running install
[0.607s] running install_lib
[0.610s] copying /home/student/ku_turtlebot/build/main_package/build/lib/main_package/sonar.py -> /home/student/ku_turtlebot/install/main_package/lib/python3.8/site-packages/main_package
[0.611s] byte-compiling /home/student/ku_turtlebot/install/main_package/lib/python3.8/site-packages/main_package/sonar.py to sonar.cpython-38.pyc
[0.612s] Sorry: TabError: inconsistent use of tabs and spaces in indentation (sonar.py, line 16)
[0.612s] running install_data
[0.613s] copying launch/_launch.py -> /home/student/ku_turtlebot/install/main_package/share/main_package
[0.614s] running install_egg_info
[0.617s] removing '/home/student/ku_turtlebot/install/main_package/lib/python3.8/site-packages/main_package-0.0.0-py3.8.egg-info' (and everything under it)
[0.617s] Copying ../../build/main_package/main_package.egg-info to /home/student/ku_turtlebot/install/main_package/lib/python3.8/site-packages/main_package-0.0.0-py3.8.egg-info
[0.619s] running install_scripts
[0.645s] Installing listener script to /home/student/ku_turtlebot/install/main_package/lib/main_package
[0.647s] Installing sonar_test script to /home/student/ku_turtlebot/install/main_package/lib/main_package
[0.647s] Installing talker script to /home/student/ku_turtlebot/install/main_package/lib/main_package
[0.647s] Installing webcam script to /home/student/ku_turtlebot/install/main_package/lib/main_package
[0.648s] Installing webcam_test script to /home/student/ku_turtlebot/install/main_package/lib/main_package
[0.648s] writing list of installed files to '/home/student/ku_turtlebot/build/main_package/install.log'
[0.676s] Invoked command in '/home/student/ku_turtlebot/src/main_package' returned '0': PYTHONPATH=/home/student/ku_turtlebot/install/main_package/lib/python3.8/site-packages:${PYTHONPATH} /usr/bin/python3 setup.py egg_info --egg-base ../../build/main_package build --build-base /home/student/ku_turtlebot/build/main_package/build install --prefix /home/student/ku_turtlebot/install/main_package --record /home/student/ku_turtlebot/build/main_package/install.log --single-version-externally-managed
