[0.315s] Invoking command in '/home/jordy/ku_turtlebot/src/main_package': PYTHONPATH=/home/jordy/ku_turtlebot/install/main_package/lib/python3.8/site-packages:${PYTHONPATH} /usr/bin/python3 setup.py egg_info --egg-base ../../build/main_package build --build-base /home/jordy/ku_turtlebot/build/main_package/build install --prefix /home/jordy/ku_turtlebot/install/main_package --record /home/jordy/ku_turtlebot/build/main_package/install.log --single-version-externally-managed
[0.587s] running egg_info
[0.588s] writing ../../build/main_package/main_package.egg-info/PKG-INFO
[0.588s] writing dependency_links to ../../build/main_package/main_package.egg-info/dependency_links.txt
[0.588s] writing entry points to ../../build/main_package/main_package.egg-info/entry_points.txt
[0.588s] writing requirements to ../../build/main_package/main_package.egg-info/requires.txt
[0.589s] writing top-level names to ../../build/main_package/main_package.egg-info/top_level.txt
[0.631s] reading manifest file '../../build/main_package/main_package.egg-info/SOURCES.txt'
[0.632s] writing manifest file '../../build/main_package/main_package.egg-info/SOURCES.txt'
[0.632s] running build
[0.633s] running build_py
[0.633s] running install
[0.634s] running install_lib
[0.635s] running install_data
[0.636s] running install_egg_info
[0.638s] removing '/home/jordy/ku_turtlebot/install/main_package/lib/python3.8/site-packages/main_package-0.0.0-py3.8.egg-info' (and everything under it)
[0.638s] Copying ../../build/main_package/main_package.egg-info to /home/jordy/ku_turtlebot/install/main_package/lib/python3.8/site-packages/main_package-0.0.0-py3.8.egg-info
[0.639s] running install_scripts
[0.662s] Installing listener script to /home/jordy/ku_turtlebot/install/main_package/lib/main_package
[0.663s] Installing talker script to /home/jordy/ku_turtlebot/install/main_package/lib/main_package
[0.663s] Installing webcam script to /home/jordy/ku_turtlebot/install/main_package/lib/main_package
[0.663s] Installing webcam_test script to /home/jordy/ku_turtlebot/install/main_package/lib/main_package
[0.663s] writing list of installed files to '/home/jordy/ku_turtlebot/build/main_package/install.log'
[0.691s] Invoked command in '/home/jordy/ku_turtlebot/src/main_package' returned '0': PYTHONPATH=/home/jordy/ku_turtlebot/install/main_package/lib/python3.8/site-packages:${PYTHONPATH} /usr/bin/python3 setup.py egg_info --egg-base ../../build/main_package build --build-base /home/jordy/ku_turtlebot/build/main_package/build install --prefix /home/jordy/ku_turtlebot/install/main_package --record /home/jordy/ku_turtlebot/build/main_package/install.log --single-version-externally-managed
