[0.299s] Invoking command in '/home/jordy/ku_turtlebot/src/main_package': PYTHONPATH=/home/jordy/ku_turtlebot/install/main_package/lib/python3.8/site-packages:${PYTHONPATH} /usr/bin/python3 setup.py egg_info --egg-base ../../build/main_package build --build-base /home/jordy/ku_turtlebot/build/main_package/build install --prefix /home/jordy/ku_turtlebot/install/main_package --record /home/jordy/ku_turtlebot/build/main_package/install.log --single-version-externally-managed
[0.552s] running egg_info
[0.553s] writing ../../build/main_package/main_package.egg-info/PKG-INFO
[0.553s] writing dependency_links to ../../build/main_package/main_package.egg-info/dependency_links.txt
[0.553s] writing entry points to ../../build/main_package/main_package.egg-info/entry_points.txt
[0.554s] writing requirements to ../../build/main_package/main_package.egg-info/requires.txt
[0.554s] writing top-level names to ../../build/main_package/main_package.egg-info/top_level.txt
[0.595s] reading manifest file '../../build/main_package/main_package.egg-info/SOURCES.txt'
[0.596s] writing manifest file '../../build/main_package/main_package.egg-info/SOURCES.txt'
[0.596s] running build
[0.596s] running build_py
[0.597s] running install
[0.598s] running install_lib
[0.600s] running install_data
[0.601s] running install_egg_info
[0.602s] removing '/home/jordy/ku_turtlebot/install/main_package/lib/python3.8/site-packages/main_package-0.0.0-py3.8.egg-info' (and everything under it)
[0.603s] Copying ../../build/main_package/main_package.egg-info to /home/jordy/ku_turtlebot/install/main_package/lib/python3.8/site-packages/main_package-0.0.0-py3.8.egg-info
[0.604s] running install_scripts
[0.623s] Installing listener script to /home/jordy/ku_turtlebot/install/main_package/lib/main_package
[0.623s] Installing talker script to /home/jordy/ku_turtlebot/install/main_package/lib/main_package
[0.624s] Installing webcam script to /home/jordy/ku_turtlebot/install/main_package/lib/main_package
[0.624s] Installing webcam_test script to /home/jordy/ku_turtlebot/install/main_package/lib/main_package
[0.624s] writing list of installed files to '/home/jordy/ku_turtlebot/build/main_package/install.log'
[0.653s] Invoked command in '/home/jordy/ku_turtlebot/src/main_package' returned '0': PYTHONPATH=/home/jordy/ku_turtlebot/install/main_package/lib/python3.8/site-packages:${PYTHONPATH} /usr/bin/python3 setup.py egg_info --egg-base ../../build/main_package build --build-base /home/jordy/ku_turtlebot/build/main_package/build install --prefix /home/jordy/ku_turtlebot/install/main_package --record /home/jordy/ku_turtlebot/build/main_package/install.log --single-version-externally-managed
