[1.952s] Invoking command in '/home/ubuntu/ku_turtlebot/src/main_package': PYTHONPATH=/home/ubuntu/ku_turtlebot/install/main_package/lib/python3.8/site-packages:${PYTHONPATH} /usr/bin/python3 setup.py egg_info --egg-base ../../build/main_package build --build-base /home/ubuntu/ku_turtlebot/build/main_package/build install --prefix /home/ubuntu/ku_turtlebot/install/main_package --record /home/ubuntu/ku_turtlebot/build/main_package/install.log --single-version-externally-managed
[3.643s] running egg_info
[3.647s] writing ../../build/main_package/main_package.egg-info/PKG-INFO
[3.649s] writing dependency_links to ../../build/main_package/main_package.egg-info/dependency_links.txt
[3.651s] writing entry points to ../../build/main_package/main_package.egg-info/entry_points.txt
[3.653s] writing requirements to ../../build/main_package/main_package.egg-info/requires.txt
[3.654s] writing top-level names to ../../build/main_package/main_package.egg-info/top_level.txt
[3.942s] reading manifest file '../../build/main_package/main_package.egg-info/SOURCES.txt'
[3.950s] writing manifest file '../../build/main_package/main_package.egg-info/SOURCES.txt'
[3.951s] running build
[3.952s] running build_py
[3.955s] running install
[3.961s] running install_lib
[3.973s] running install_data
[3.977s] running install_egg_info
[3.989s] removing '/home/ubuntu/ku_turtlebot/install/main_package/lib/python3.8/site-packages/main_package-0.0.0-py3.8.egg-info' (and everything under it)
[3.992s] Copying ../../build/main_package/main_package.egg-info to /home/ubuntu/ku_turtlebot/install/main_package/lib/python3.8/site-packages/main_package-0.0.0-py3.8.egg-info
[4.001s] running install_scripts
[4.133s] Installing listener script to /home/ubuntu/ku_turtlebot/install/main_package/lib/main_package
[4.135s] Installing talker script to /home/ubuntu/ku_turtlebot/install/main_package/lib/main_package
[4.138s] writing list of installed files to '/home/ubuntu/ku_turtlebot/build/main_package/install.log'
[4.325s] Invoked command in '/home/ubuntu/ku_turtlebot/src/main_package' returned '0': PYTHONPATH=/home/ubuntu/ku_turtlebot/install/main_package/lib/python3.8/site-packages:${PYTHONPATH} /usr/bin/python3 setup.py egg_info --egg-base ../../build/main_package build --build-base /home/ubuntu/ku_turtlebot/build/main_package/build install --prefix /home/ubuntu/ku_turtlebot/install/main_package --record /home/ubuntu/ku_turtlebot/build/main_package/install.log --single-version-externally-managed
