[0.270s] Invoking command in '/home/jordy/ku_turtlebot/src/main_package': CONDA_PROMPT_MODIFIER=(cs) PYTHONPATH=/home/jordy/ku_turtlebot/install/main_package/lib/python3.8/site-packages:${PYTHONPATH} /usr/bin/python3 setup.py egg_info --egg-base ../../build/main_package build --build-base /home/jordy/ku_turtlebot/build/main_package/build install --prefix /home/jordy/ku_turtlebot/install/main_package --record /home/jordy/ku_turtlebot/build/main_package/install.log --single-version-externally-managed
[0.489s] running egg_info
[0.490s] writing ../../build/main_package/main_package.egg-info/PKG-INFO
[0.490s] writing dependency_links to ../../build/main_package/main_package.egg-info/dependency_links.txt
[0.490s] writing entry points to ../../build/main_package/main_package.egg-info/entry_points.txt
[0.491s] writing requirements to ../../build/main_package/main_package.egg-info/requires.txt
[0.491s] writing top-level names to ../../build/main_package/main_package.egg-info/top_level.txt
[0.525s] reading manifest file '../../build/main_package/main_package.egg-info/SOURCES.txt'
[0.526s] writing manifest file '../../build/main_package/main_package.egg-info/SOURCES.txt'
[0.526s] running build
[0.526s] running build_py
[0.526s] copying main_package/webcam_stream.py -> /home/jordy/ku_turtlebot/build/main_package/build/lib/main_package
[0.527s] running install
[0.528s] running install_lib
[0.529s] copying /home/jordy/ku_turtlebot/build/main_package/build/lib/main_package/webcam_stream.py -> /home/jordy/ku_turtlebot/install/main_package/lib/python3.8/site-packages/main_package
[0.530s] byte-compiling /home/jordy/ku_turtlebot/install/main_package/lib/python3.8/site-packages/main_package/webcam_stream.py to webcam_stream.cpython-38.pyc
[0.531s] running install_data
[0.532s] running install_egg_info
[0.534s] removing '/home/jordy/ku_turtlebot/install/main_package/lib/python3.8/site-packages/main_package-0.0.0-py3.8.egg-info' (and everything under it)
[0.534s] Copying ../../build/main_package/main_package.egg-info to /home/jordy/ku_turtlebot/install/main_package/lib/python3.8/site-packages/main_package-0.0.0-py3.8.egg-info
[0.535s] running install_scripts
[0.554s] Installing listener script to /home/jordy/ku_turtlebot/install/main_package/lib/main_package
[0.554s] Installing talker script to /home/jordy/ku_turtlebot/install/main_package/lib/main_package
[0.554s] Installing webcam script to /home/jordy/ku_turtlebot/install/main_package/lib/main_package
[0.554s] Installing webcam_stream script to /home/jordy/ku_turtlebot/install/main_package/lib/main_package
[0.555s] Installing webcam_test script to /home/jordy/ku_turtlebot/install/main_package/lib/main_package
[0.555s] writing list of installed files to '/home/jordy/ku_turtlebot/build/main_package/install.log'
[0.579s] Invoked command in '/home/jordy/ku_turtlebot/src/main_package' returned '0': CONDA_PROMPT_MODIFIER=(cs) PYTHONPATH=/home/jordy/ku_turtlebot/install/main_package/lib/python3.8/site-packages:${PYTHONPATH} /usr/bin/python3 setup.py egg_info --egg-base ../../build/main_package build --build-base /home/jordy/ku_turtlebot/build/main_package/build install --prefix /home/jordy/ku_turtlebot/install/main_package --record /home/jordy/ku_turtlebot/build/main_package/install.log --single-version-externally-managed
