[0.229s] Invoking command in '/home/jef/Documents/turtlebot/ku_turtlebot/src/main_package': PYTHONPATH=/home/jef/Documents/turtlebot/ku_turtlebot/install/main_package/lib/python3.8/site-packages:${PYTHONPATH} /usr/bin/python3 setup.py egg_info --egg-base ../../build/main_package build --build-base /home/jef/Documents/turtlebot/ku_turtlebot/build/main_package/build install --prefix /home/jef/Documents/turtlebot/ku_turtlebot/install/main_package --record /home/jef/Documents/turtlebot/ku_turtlebot/build/main_package/install.log --single-version-externally-managed
[0.421s] running egg_info
[0.421s] writing ../../build/main_package/main_package.egg-info/PKG-INFO
[0.421s] writing dependency_links to ../../build/main_package/main_package.egg-info/dependency_links.txt
[0.422s] writing entry points to ../../build/main_package/main_package.egg-info/entry_points.txt
[0.422s] writing requirements to ../../build/main_package/main_package.egg-info/requires.txt
[0.422s] writing top-level names to ../../build/main_package/main_package.egg-info/top_level.txt
[0.451s] reading manifest file '../../build/main_package/main_package.egg-info/SOURCES.txt'
[0.452s] writing manifest file '../../build/main_package/main_package.egg-info/SOURCES.txt'
[0.452s] running build
[0.452s] running build_py
[0.452s] copying main_package/lidar.py -> /home/jef/Documents/turtlebot/ku_turtlebot/build/main_package/build/lib/main_package
[0.453s] running install
[0.454s] running install_lib
[0.454s] copying /home/jef/Documents/turtlebot/ku_turtlebot/build/main_package/build/lib/main_package/lidar.py -> /home/jef/Documents/turtlebot/ku_turtlebot/install/main_package/lib/python3.8/site-packages/main_package
[0.455s] byte-compiling /home/jef/Documents/turtlebot/ku_turtlebot/install/main_package/lib/python3.8/site-packages/main_package/lidar.py to lidar.cpython-38.pyc
[0.457s] running install_data
[0.457s] running install_egg_info
[0.459s] removing '/home/jef/Documents/turtlebot/ku_turtlebot/install/main_package/lib/python3.8/site-packages/main_package-0.0.0-py3.8.egg-info' (and everything under it)
[0.459s] Copying ../../build/main_package/main_package.egg-info to /home/jef/Documents/turtlebot/ku_turtlebot/install/main_package/lib/python3.8/site-packages/main_package-0.0.0-py3.8.egg-info
[0.460s] running install_scripts
[0.477s] Installing lidar script to /home/jef/Documents/turtlebot/ku_turtlebot/install/main_package/lib/main_package
[0.477s] Installing listener script to /home/jef/Documents/turtlebot/ku_turtlebot/install/main_package/lib/main_package
[0.477s] Installing talker script to /home/jef/Documents/turtlebot/ku_turtlebot/install/main_package/lib/main_package
[0.478s] Installing webcam script to /home/jef/Documents/turtlebot/ku_turtlebot/install/main_package/lib/main_package
[0.478s] Installing webcam_test script to /home/jef/Documents/turtlebot/ku_turtlebot/install/main_package/lib/main_package
[0.478s] writing list of installed files to '/home/jef/Documents/turtlebot/ku_turtlebot/build/main_package/install.log'
[0.497s] Invoked command in '/home/jef/Documents/turtlebot/ku_turtlebot/src/main_package' returned '0': PYTHONPATH=/home/jef/Documents/turtlebot/ku_turtlebot/install/main_package/lib/python3.8/site-packages:${PYTHONPATH} /usr/bin/python3 setup.py egg_info --egg-base ../../build/main_package build --build-base /home/jef/Documents/turtlebot/ku_turtlebot/build/main_package/build install --prefix /home/jef/Documents/turtlebot/ku_turtlebot/install/main_package --record /home/jef/Documents/turtlebot/ku_turtlebot/build/main_package/install.log --single-version-externally-managed
