[0.379s] Invoking command in '/home/jef/Documents/turtlebot/ku_turtlebot/src/main_package': PYTHONPATH=/home/jef/Documents/turtlebot/ku_turtlebot/install/main_package/lib/python3.8/site-packages:${PYTHONPATH} /usr/bin/python3 setup.py egg_info --egg-base ../../build/main_package build --build-base /home/jef/Documents/turtlebot/ku_turtlebot/build/main_package/build install --prefix /home/jef/Documents/turtlebot/ku_turtlebot/install/main_package --record /home/jef/Documents/turtlebot/ku_turtlebot/build/main_package/install.log --single-version-externally-managed
[0.569s] running egg_info
[0.570s] writing ../../build/main_package/main_package.egg-info/PKG-INFO
[0.570s] writing dependency_links to ../../build/main_package/main_package.egg-info/dependency_links.txt
[0.570s] writing entry points to ../../build/main_package/main_package.egg-info/entry_points.txt
[0.571s] writing requirements to ../../build/main_package/main_package.egg-info/requires.txt
[0.571s] writing top-level names to ../../build/main_package/main_package.egg-info/top_level.txt
[0.600s] reading manifest file '../../build/main_package/main_package.egg-info/SOURCES.txt'
[0.601s] writing manifest file '../../build/main_package/main_package.egg-info/SOURCES.txt'
[0.601s] running build
[0.601s] running build_py
[0.601s] copying main_package/lidar.py -> /home/jef/Documents/turtlebot/ku_turtlebot/build/main_package/build/lib/main_package
[0.602s] running install
[0.602s] running install_lib
[0.604s] copying /home/jef/Documents/turtlebot/ku_turtlebot/build/main_package/build/lib/main_package/lidar.py -> /home/jef/Documents/turtlebot/ku_turtlebot/install/main_package/lib/python3.8/site-packages/main_package
[0.604s] byte-compiling /home/jef/Documents/turtlebot/ku_turtlebot/install/main_package/lib/python3.8/site-packages/main_package/lidar.py to lidar.cpython-38.pyc
[0.606s] running install_data
[0.607s] running install_egg_info
[0.608s] removing '/home/jef/Documents/turtlebot/ku_turtlebot/install/main_package/lib/python3.8/site-packages/main_package-0.0.0-py3.8.egg-info' (and everything under it)
[0.609s] Copying ../../build/main_package/main_package.egg-info to /home/jef/Documents/turtlebot/ku_turtlebot/install/main_package/lib/python3.8/site-packages/main_package-0.0.0-py3.8.egg-info
[0.610s] running install_scripts
[0.626s] Installing lidar script to /home/jef/Documents/turtlebot/ku_turtlebot/install/main_package/lib/main_package
[0.626s] Installing listener script to /home/jef/Documents/turtlebot/ku_turtlebot/install/main_package/lib/main_package
[0.626s] Installing talker script to /home/jef/Documents/turtlebot/ku_turtlebot/install/main_package/lib/main_package
[0.626s] Installing webcam script to /home/jef/Documents/turtlebot/ku_turtlebot/install/main_package/lib/main_package
[0.626s] Installing webcam_test script to /home/jef/Documents/turtlebot/ku_turtlebot/install/main_package/lib/main_package
[0.627s] writing list of installed files to '/home/jef/Documents/turtlebot/ku_turtlebot/build/main_package/install.log'
[0.647s] Invoked command in '/home/jef/Documents/turtlebot/ku_turtlebot/src/main_package' returned '0': PYTHONPATH=/home/jef/Documents/turtlebot/ku_turtlebot/install/main_package/lib/python3.8/site-packages:${PYTHONPATH} /usr/bin/python3 setup.py egg_info --egg-base ../../build/main_package build --build-base /home/jef/Documents/turtlebot/ku_turtlebot/build/main_package/build install --prefix /home/jef/Documents/turtlebot/ku_turtlebot/install/main_package --record /home/jef/Documents/turtlebot/ku_turtlebot/build/main_package/install.log --single-version-externally-managed
