[2.111s] DEBUG:colcon:Command line arguments: ['/usr/bin/colcon', 'build', '--packages-select', 'main_package']
[2.111s] DEBUG:colcon:Parsed command line arguments: Namespace(ament_cmake_args=None, base_paths=['.'], build_base='build', catkin_cmake_args=None, catkin_skip_building_tests=False, cmake_args=None, cmake_clean_cache=False, cmake_clean_first=False, cmake_force_configure=False, cmake_target=None, cmake_target_skip_unavailable=False, continue_on_error=False, event_handlers=None, executor='parallel', ignore_user_meta=False, install_base='install', log_base=None, log_level=None, main=<bound method BuildVerb.main of <colcon_core.verb.build.BuildVerb object at 0xffffb3c34100>>, merge_install=False, metas=['./colcon.meta'], packages_above=None, packages_above_and_dependencies=None, packages_above_depth=None, packages_end=None, packages_ignore=None, packages_ignore_regex=None, packages_select=['main_package'], packages_select_build_failed=False, packages_select_by_dep=None, packages_select_regex=None, packages_select_test_failures=False, packages_skip=None, packages_skip_build_finished=False, packages_skip_by_dep=None, packages_skip_regex=None, packages_skip_test_passed=False, packages_skip_up_to=None, packages_start=None, packages_up_to=None, packages_up_to_regex=None, parallel_workers=4, paths=None, symlink_install=False, test_result_base=None, verb_extension=<colcon_core.verb.build.BuildVerb object at 0xffffb3c34100>, verb_name='build', verb_parser=<colcon_defaults.argument_parser.defaults.DefaultArgumentsDecorator object at 0xffffb3c34580>)
[2.198s] Level 1:colcon.colcon_core.package_discovery:discover_packages(colcon_meta) check parameters
[2.199s] Level 1:colcon.colcon_core.package_discovery:discover_packages(recursive) check parameters
[2.199s] Level 1:colcon.colcon_core.package_discovery:discover_packages(ignore) check parameters
[2.199s] Level 1:colcon.colcon_core.package_discovery:discover_packages(path) check parameters
[2.200s] Level 1:colcon.colcon_core.package_discovery:discover_packages(colcon_meta) discover
[2.200s] Level 1:colcon.colcon_core.package_discovery:discover_packages(recursive) discover
[2.201s] INFO:colcon.colcon_core.package_discovery:Crawling recursively for packages in '/home/ubuntu/ku_turtlebot'
[2.202s] Level 1:colcon.colcon_core.package_identification:_identify(.) by extensions ['ignore', 'ignore_ament_install']
[2.202s] Level 1:colcon.colcon_core.package_identification:_identify(.) by extension 'ignore'
[2.203s] Level 1:colcon.colcon_core.package_identification:_identify(.) by extension 'ignore_ament_install'
[2.203s] Level 1:colcon.colcon_core.package_identification:_identify(.) by extensions ['colcon_pkg']
[2.204s] Level 1:colcon.colcon_core.package_identification:_identify(.) by extension 'colcon_pkg'
[2.204s] Level 1:colcon.colcon_core.package_identification:_identify(.) by extensions ['colcon_meta']
[2.204s] Level 1:colcon.colcon_core.package_identification:_identify(.) by extension 'colcon_meta'
[2.205s] Level 1:colcon.colcon_core.package_identification:_identify(.) by extensions ['ros']
[2.205s] Level 1:colcon.colcon_core.package_identification:_identify(.) by extension 'ros'
[2.352s] Level 1:colcon.colcon_core.package_identification:_identify(.) by extensions ['cmake', 'python']
[2.352s] Level 1:colcon.colcon_core.package_identification:_identify(.) by extension 'cmake'
[2.353s] Level 1:colcon.colcon_core.package_identification:_identify(.) by extension 'python'
[2.353s] Level 1:colcon.colcon_core.package_identification:_identify(.) by extensions ['python_setup_py']
[2.353s] Level 1:colcon.colcon_core.package_identification:_identify(.) by extension 'python_setup_py'
[2.354s] Level 1:colcon.colcon_core.package_identification:_identify(build) by extensions ['ignore', 'ignore_ament_install']
[2.355s] Level 1:colcon.colcon_core.package_identification:_identify(build) by extension 'ignore'
[2.356s] Level 1:colcon.colcon_core.package_identification:_identify(build) ignored
[2.357s] Level 1:colcon.colcon_core.package_identification:_identify(install) by extensions ['ignore', 'ignore_ament_install']
[2.358s] Level 1:colcon.colcon_core.package_identification:_identify(install) by extension 'ignore'
[2.358s] Level 1:colcon.colcon_core.package_identification:_identify(install) ignored
[2.360s] Level 1:colcon.colcon_core.package_identification:_identify(log) by extensions ['ignore', 'ignore_ament_install']
[2.361s] Level 1:colcon.colcon_core.package_identification:_identify(log) by extension 'ignore'
[2.361s] Level 1:colcon.colcon_core.package_identification:_identify(log) ignored
[2.362s] Level 1:colcon.colcon_core.package_identification:_identify(src) by extensions ['ignore', 'ignore_ament_install']
[2.363s] Level 1:colcon.colcon_core.package_identification:_identify(src) by extension 'ignore'
[2.363s] Level 1:colcon.colcon_core.package_identification:_identify(src) by extension 'ignore_ament_install'
[2.363s] Level 1:colcon.colcon_core.package_identification:_identify(src) by extensions ['colcon_pkg']
[2.364s] Level 1:colcon.colcon_core.package_identification:_identify(src) by extension 'colcon_pkg'
[2.364s] Level 1:colcon.colcon_core.package_identification:_identify(src) by extensions ['colcon_meta']
[2.365s] Level 1:colcon.colcon_core.package_identification:_identify(src) by extension 'colcon_meta'
[2.365s] Level 1:colcon.colcon_core.package_identification:_identify(src) by extensions ['ros']
[2.365s] Level 1:colcon.colcon_core.package_identification:_identify(src) by extension 'ros'
[2.366s] Level 1:colcon.colcon_core.package_identification:_identify(src) by extensions ['cmake', 'python']
[2.366s] Level 1:colcon.colcon_core.package_identification:_identify(src) by extension 'cmake'
[2.367s] Level 1:colcon.colcon_core.package_identification:_identify(src) by extension 'python'
[2.367s] Level 1:colcon.colcon_core.package_identification:_identify(src) by extensions ['python_setup_py']
[2.367s] Level 1:colcon.colcon_core.package_identification:_identify(src) by extension 'python_setup_py'
[2.369s] Level 1:colcon.colcon_core.package_identification:_identify(src/main_package) by extensions ['ignore', 'ignore_ament_install']
[2.369s] Level 1:colcon.colcon_core.package_identification:_identify(src/main_package) by extension 'ignore'
[2.370s] Level 1:colcon.colcon_core.package_identification:_identify(src/main_package) by extension 'ignore_ament_install'
[2.370s] Level 1:colcon.colcon_core.package_identification:_identify(src/main_package) by extensions ['colcon_pkg']
[2.371s] Level 1:colcon.colcon_core.package_identification:_identify(src/main_package) by extension 'colcon_pkg'
[2.371s] Level 1:colcon.colcon_core.package_identification:_identify(src/main_package) by extensions ['colcon_meta']
[2.371s] Level 1:colcon.colcon_core.package_identification:_identify(src/main_package) by extension 'colcon_meta'
[2.372s] Level 1:colcon.colcon_core.package_identification:_identify(src/main_package) by extensions ['ros']
[2.372s] Level 1:colcon.colcon_core.package_identification:_identify(src/main_package) by extension 'ros'
[2.405s] DEBUG:colcon.colcon_core.package_identification:Package 'src/main_package' with type 'ros.ament_python' and name 'main_package'
[2.406s] Level 1:colcon.colcon_core.package_discovery:discover_packages(recursive) using defaults
[2.407s] Level 1:colcon.colcon_core.package_discovery:discover_packages(ignore) discover
[2.407s] Level 1:colcon.colcon_core.package_discovery:discover_packages(ignore) using defaults
[2.407s] Level 1:colcon.colcon_core.package_discovery:discover_packages(path) discover
[2.407s] Level 1:colcon.colcon_core.package_discovery:discover_packages(path) using defaults
[2.626s] Level 5:colcon.colcon_core.verb:set package 'main_package' build argument 'cmake_args' from command line to 'None'
[2.626s] Level 5:colcon.colcon_core.verb:set package 'main_package' build argument 'cmake_target' from command line to 'None'
[2.626s] Level 5:colcon.colcon_core.verb:set package 'main_package' build argument 'cmake_target_skip_unavailable' from command line to 'False'
[2.627s] Level 5:colcon.colcon_core.verb:set package 'main_package' build argument 'cmake_clean_cache' from command line to 'False'
[2.627s] Level 5:colcon.colcon_core.verb:set package 'main_package' build argument 'cmake_clean_first' from command line to 'False'
[2.627s] Level 5:colcon.colcon_core.verb:set package 'main_package' build argument 'cmake_force_configure' from command line to 'False'
[2.627s] Level 5:colcon.colcon_core.verb:set package 'main_package' build argument 'ament_cmake_args' from command line to 'None'
[2.628s] Level 5:colcon.colcon_core.verb:set package 'main_package' build argument 'catkin_cmake_args' from command line to 'None'
[2.628s] Level 5:colcon.colcon_core.verb:set package 'main_package' build argument 'catkin_skip_building_tests' from command line to 'False'
[2.628s] DEBUG:colcon.colcon_core.verb:Building package 'main_package' with the following arguments: {'ament_cmake_args': None, 'build_base': '/home/ubuntu/ku_turtlebot/build/main_package', 'catkin_cmake_args': None, 'catkin_skip_building_tests': False, 'cmake_args': None, 'cmake_clean_cache': False, 'cmake_clean_first': False, 'cmake_force_configure': False, 'cmake_target': None, 'cmake_target_skip_unavailable': False, 'install_base': '/home/ubuntu/ku_turtlebot/install/main_package', 'merge_install': False, 'path': '/home/ubuntu/ku_turtlebot/src/main_package', 'symlink_install': False, 'test_result_base': None}
[2.631s] INFO:colcon.colcon_core.executor:Executing jobs using 'parallel' executor
[2.645s] DEBUG:colcon.colcon_parallel_executor.executor.parallel:run_until_complete
[2.647s] INFO:colcon.colcon_ros.task.ament_python.build:Building ROS package in '/home/ubuntu/ku_turtlebot/src/main_package' with build type 'ament_python'
[2.648s] Level 1:colcon.colcon_core.shell:create_environment_hook('main_package', 'ament_prefix_path')
[2.705s] INFO:colcon.colcon_core.plugin_system:Skipping extension 'colcon_core.shell.bat': Not used on non-Windows systems
[2.706s] INFO:colcon.colcon_core.shell:Creating environment hook '/home/ubuntu/ku_turtlebot/install/main_package/share/main_package/hook/ament_prefix_path.ps1'
[2.713s] INFO:colcon.colcon_core.shell:Creating environment descriptor '/home/ubuntu/ku_turtlebot/install/main_package/share/main_package/hook/ament_prefix_path.dsv'
[2.724s] INFO:colcon.colcon_core.shell:Creating environment hook '/home/ubuntu/ku_turtlebot/install/main_package/share/main_package/hook/ament_prefix_path.sh'
[2.742s] INFO:colcon.colcon_core.shell:Skip shell extension 'powershell' for command environment: Not usable outside of PowerShell
[2.743s] DEBUG:colcon.colcon_core.shell:Skip shell extension 'dsv' for command environment
[2.793s] DEBUG:colcon.colcon_core.shell:Ignoring prefix path '/opt/ros/foxy'
[5.018s] INFO:colcon.colcon_core.task.python.build:Building Python package in '/home/ubuntu/ku_turtlebot/src/main_package'
[5.027s] INFO:colcon.colcon_core.shell:Skip shell extension 'powershell' for command environment: Not usable outside of PowerShell
[5.028s] DEBUG:colcon.colcon_core.shell:Skip shell extension 'dsv' for command environment
[5.064s] DEBUG:colcon.colcon_core.shell:Ignoring prefix path '/opt/ros/foxy'
[5.132s] DEBUG:colcon.colcon_core.event_handler.log_command:Invoking command in '/home/ubuntu/ku_turtlebot/src/main_package': PYTHONPATH=/home/ubuntu/ku_turtlebot/install/main_package/lib/python3.8/site-packages:${PYTHONPATH} /usr/bin/python3 setup.py egg_info --egg-base ../../build/main_package build --build-base /home/ubuntu/ku_turtlebot/build/main_package/build install --prefix /home/ubuntu/ku_turtlebot/install/main_package --record /home/ubuntu/ku_turtlebot/build/main_package/install.log --single-version-externally-managed
[8.625s] DEBUG:colcon.colcon_core.event_handler.log_command:Invoked command in '/home/ubuntu/ku_turtlebot/src/main_package' returned '0': PYTHONPATH=/home/ubuntu/ku_turtlebot/install/main_package/lib/python3.8/site-packages:${PYTHONPATH} /usr/bin/python3 setup.py egg_info --egg-base ../../build/main_package build --build-base /home/ubuntu/ku_turtlebot/build/main_package/build install --prefix /home/ubuntu/ku_turtlebot/install/main_package --record /home/ubuntu/ku_turtlebot/build/main_package/install.log --single-version-externally-managed
[8.680s] Level 1:colcon.colcon_core.environment:checking '/home/ubuntu/ku_turtlebot/install/main_package' for CMake module files
[8.685s] Level 1:colcon.colcon_core.environment:checking '/home/ubuntu/ku_turtlebot/install/main_package' for CMake config files
[8.692s] Level 1:colcon.colcon_core.environment:checking '/home/ubuntu/ku_turtlebot/install/main_package/lib'
[8.693s] Level 1:colcon.colcon_core.environment:checking '/home/ubuntu/ku_turtlebot/install/main_package/bin'
[8.694s] Level 1:colcon.colcon_core.environment:checking '/home/ubuntu/ku_turtlebot/install/main_package/lib/pkgconfig/main_package.pc'
[8.695s] Level 1:colcon.colcon_core.environment:checking '/home/ubuntu/ku_turtlebot/install/main_package/lib/python3.8/site-packages'
[8.695s] Level 1:colcon.colcon_core.shell:create_environment_hook('main_package', 'pythonpath')
[8.699s] INFO:colcon.colcon_core.shell:Creating environment hook '/home/ubuntu/ku_turtlebot/install/main_package/share/main_package/hook/pythonpath.ps1'
[8.703s] INFO:colcon.colcon_core.shell:Creating environment descriptor '/home/ubuntu/ku_turtlebot/install/main_package/share/main_package/hook/pythonpath.dsv'
[8.706s] INFO:colcon.colcon_core.shell:Creating environment hook '/home/ubuntu/ku_turtlebot/install/main_package/share/main_package/hook/pythonpath.sh'
[8.710s] Level 1:colcon.colcon_core.environment:create_environment_scripts_only(main_package)
[8.715s] INFO:colcon.colcon_core.shell:Creating package script '/home/ubuntu/ku_turtlebot/install/main_package/share/main_package/package.ps1'
[8.723s] INFO:colcon.colcon_core.shell:Creating package descriptor '/home/ubuntu/ku_turtlebot/install/main_package/share/main_package/package.dsv'
[8.729s] INFO:colcon.colcon_core.shell:Creating package script '/home/ubuntu/ku_turtlebot/install/main_package/share/main_package/package.sh'
[8.737s] INFO:colcon.colcon_core.shell:Creating package script '/home/ubuntu/ku_turtlebot/install/main_package/share/main_package/package.bash'
[8.745s] INFO:colcon.colcon_core.shell:Creating package script '/home/ubuntu/ku_turtlebot/install/main_package/share/main_package/package.zsh'
[8.754s] Level 1:colcon.colcon_core.environment:create_file_with_runtime_dependencies(/home/ubuntu/ku_turtlebot/install/main_package/share/colcon-core/packages/main_package)
[8.756s] DEBUG:colcon.colcon_parallel_executor.executor.parallel:closing loop
[8.758s] DEBUG:colcon.colcon_parallel_executor.executor.parallel:loop closed
[8.759s] DEBUG:colcon.colcon_parallel_executor.executor.parallel:run_until_complete finished with '0'
[8.760s] DEBUG:colcon.colcon_core.event_reactor:joining thread
[8.818s] INFO:colcon.colcon_core.plugin_system:Skipping extension 'colcon_notification.desktop_notification.notify_send': Could not find 'notify-send'
[8.818s] INFO:colcon.colcon_core.plugin_system:Skipping extension 'colcon_notification.desktop_notification.terminal_notifier': Not used on non-Darwin systems
[8.819s] INFO:colcon.colcon_core.plugin_system:Skipping extension 'colcon_notification.desktop_notification.win32': Not used on non-Windows systems
[8.819s] INFO:colcon.colcon_notification.desktop_notification:Sending desktop notification using 'notify2'
[8.872s] DEBUG:colcon.colcon_notification.desktop_notification.notify2:Failed to initialize notify2: org.freedesktop.DBus.Error.ServiceUnknown: The name org.freedesktop.Notifications was not provided by any .service files
[8.873s] DEBUG:colcon.colcon_core.event_reactor:joined thread
[8.879s] INFO:colcon.colcon_core.shell:Creating prefix script '/home/ubuntu/ku_turtlebot/install/local_setup.ps1'
[8.894s] INFO:colcon.colcon_core.shell:Creating prefix util module '/home/ubuntu/ku_turtlebot/install/_local_setup_util_ps1.py'
[8.909s] INFO:colcon.colcon_core.shell:Creating prefix chain script '/home/ubuntu/ku_turtlebot/install/setup.ps1'
[8.933s] INFO:colcon.colcon_core.shell:Creating prefix script '/home/ubuntu/ku_turtlebot/install/local_setup.sh'
[8.941s] INFO:colcon.colcon_core.shell:Creating prefix util module '/home/ubuntu/ku_turtlebot/install/_local_setup_util_sh.py'
[8.947s] INFO:colcon.colcon_core.shell:Creating prefix chain script '/home/ubuntu/ku_turtlebot/install/setup.sh'
[8.972s] INFO:colcon.colcon_core.shell:Creating prefix script '/home/ubuntu/ku_turtlebot/install/local_setup.bash'
[8.979s] INFO:colcon.colcon_core.shell:Creating prefix chain script '/home/ubuntu/ku_turtlebot/install/setup.bash'
[9.006s] INFO:colcon.colcon_core.shell:Creating prefix script '/home/ubuntu/ku_turtlebot/install/local_setup.zsh'
[9.013s] INFO:colcon.colcon_core.shell:Creating prefix chain script '/home/ubuntu/ku_turtlebot/install/setup.zsh'
