[0.216s] Invoking command in '/home/jef/Documents/turtlebot/ku_turtlebot/src/main_package': PYTHONPATH=/home/jef/Documents/turtlebot/ku_turtlebot/install/main_package/lib/python3.8/site-packages:${PYTHONPATH} /usr/bin/python3 setup.py egg_info --egg-base ../../build/main_package build --build-base /home/jef/Documents/turtlebot/ku_turtlebot/build/main_package/build install --prefix /home/jef/Documents/turtlebot/ku_turtlebot/install/main_package --record /home/jef/Documents/turtlebot/ku_turtlebot/build/main_package/install.log --single-version-externally-managed
[0.402s] running egg_info
[0.403s] writing ../../build/main_package/main_package.egg-info/PKG-INFO
[0.403s] writing dependency_links to ../../build/main_package/main_package.egg-info/dependency_links.txt
[0.404s] writing entry points to ../../build/main_package/main_package.egg-info/entry_points.txt
[0.404s] writing requirements to ../../build/main_package/main_package.egg-info/requires.txt
[0.404s] writing top-level names to ../../build/main_package/main_package.egg-info/top_level.txt
[0.433s] reading manifest file '../../build/main_package/main_package.egg-info/SOURCES.txt'
[0.434s] writing manifest file '../../build/main_package/main_package.egg-info/SOURCES.txt'
[0.435s] running build
[0.435s] running build_py
[0.435s] running install
[0.436s] running install_lib
[0.437s] byte-compiling /home/jef/Documents/turtlebot/ku_turtlebot/install/main_package/lib/python3.8/site-packages/main_package/lidar.py to lidar.cpython-38.pyc
[0.438s] Sorry: TabError: inconsistent use of tabs and spaces in indentation (lidar.py, line 13)
[0.438s] running install_data
[0.439s] copying launch/_launch.py -> /home/jef/Documents/turtlebot/ku_turtlebot/install/main_package/share/main_package
[0.439s] running install_egg_info
[0.441s] removing '/home/jef/Documents/turtlebot/ku_turtlebot/install/main_package/lib/python3.8/site-packages/main_package-0.0.0-py3.8.egg-info' (and everything under it)
[0.441s] Copying ../../build/main_package/main_package.egg-info to /home/jef/Documents/turtlebot/ku_turtlebot/install/main_package/lib/python3.8/site-packages/main_package-0.0.0-py3.8.egg-info
[0.442s] running install_scripts
[0.458s] Installing lidar script to /home/jef/Documents/turtlebot/ku_turtlebot/install/main_package/lib/main_package
[0.459s] Installing listener script to /home/jef/Documents/turtlebot/ku_turtlebot/install/main_package/lib/main_package
[0.459s] Installing talker script to /home/jef/Documents/turtlebot/ku_turtlebot/install/main_package/lib/main_package
[0.459s] Installing webcam script to /home/jef/Documents/turtlebot/ku_turtlebot/install/main_package/lib/main_package
[0.459s] Installing webcam_test script to /home/jef/Documents/turtlebot/ku_turtlebot/install/main_package/lib/main_package
[0.459s] writing list of installed files to '/home/jef/Documents/turtlebot/ku_turtlebot/build/main_package/install.log'
[0.479s] Invoked command in '/home/jef/Documents/turtlebot/ku_turtlebot/src/main_package' returned '0': PYTHONPATH=/home/jef/Documents/turtlebot/ku_turtlebot/install/main_package/lib/python3.8/site-packages:${PYTHONPATH} /usr/bin/python3 setup.py egg_info --egg-base ../../build/main_package build --build-base /home/jef/Documents/turtlebot/ku_turtlebot/build/main_package/build install --prefix /home/jef/Documents/turtlebot/ku_turtlebot/install/main_package --record /home/jef/Documents/turtlebot/ku_turtlebot/build/main_package/install.log --single-version-externally-managed
