[0.327s] Invoking command in '/home/jordy/ku_turtlebot/src/main_package': CONDA_PROMPT_MODIFIER=(cs) PYTHONPATH=/home/jordy/ku_turtlebot/install/main_package/lib/python3.8/site-packages:${PYTHONPATH} /usr/bin/python3 setup.py egg_info --egg-base ../../build/main_package build --build-base /home/jordy/ku_turtlebot/build/main_package/build install --prefix /home/jordy/ku_turtlebot/install/main_package --record /home/jordy/ku_turtlebot/build/main_package/install.log --single-version-externally-managed
[0.552s] running egg_info
[0.553s] writing ../../build/main_package/main_package.egg-info/PKG-INFO
[0.553s] writing dependency_links to ../../build/main_package/main_package.egg-info/dependency_links.txt
[0.553s] writing entry points to ../../build/main_package/main_package.egg-info/entry_points.txt
[0.553s] writing requirements to ../../build/main_package/main_package.egg-info/requires.txt
[0.554s] writing top-level names to ../../build/main_package/main_package.egg-info/top_level.txt
[0.588s] reading manifest file '../../build/main_package/main_package.egg-info/SOURCES.txt'
[0.589s] writing manifest file '../../build/main_package/main_package.egg-info/SOURCES.txt'
[0.589s] running build
[0.589s] running build_py
[0.589s] copying main_package/webcam_stream.py -> /home/jordy/ku_turtlebot/build/main_package/build/lib/main_package
[0.589s] running install
[0.590s] running install_lib
[0.591s] copying /home/jordy/ku_turtlebot/build/main_package/build/lib/main_package/webcam_stream.py -> /home/jordy/ku_turtlebot/install/main_package/lib/python3.8/site-packages/main_package
[0.592s] byte-compiling /home/jordy/ku_turtlebot/install/main_package/lib/python3.8/site-packages/main_package/webcam_stream.py to webcam_stream.cpython-38.pyc
[0.593s] running install_data
[0.594s] running install_egg_info
[0.596s] removing '/home/jordy/ku_turtlebot/install/main_package/lib/python3.8/site-packages/main_package-0.0.0-py3.8.egg-info' (and everything under it)
[0.596s] Copying ../../build/main_package/main_package.egg-info to /home/jordy/ku_turtlebot/install/main_package/lib/python3.8/site-packages/main_package-0.0.0-py3.8.egg-info
[0.597s] running install_scripts
[0.616s] Installing listener script to /home/jordy/ku_turtlebot/install/main_package/lib/main_package
[0.616s] Installing talker script to /home/jordy/ku_turtlebot/install/main_package/lib/main_package
[0.616s] Installing webcam script to /home/jordy/ku_turtlebot/install/main_package/lib/main_package
[0.616s] Installing webcam_stream script to /home/jordy/ku_turtlebot/install/main_package/lib/main_package
[0.616s] Installing webcam_test script to /home/jordy/ku_turtlebot/install/main_package/lib/main_package
[0.616s] writing list of installed files to '/home/jordy/ku_turtlebot/build/main_package/install.log'
[0.641s] Invoked command in '/home/jordy/ku_turtlebot/src/main_package' returned '0': CONDA_PROMPT_MODIFIER=(cs) PYTHONPATH=/home/jordy/ku_turtlebot/install/main_package/lib/python3.8/site-packages:${PYTHONPATH} /usr/bin/python3 setup.py egg_info --egg-base ../../build/main_package build --build-base /home/jordy/ku_turtlebot/build/main_package/build install --prefix /home/jordy/ku_turtlebot/install/main_package --record /home/jordy/ku_turtlebot/build/main_package/install.log --single-version-externally-managed
