[0.212s] Invoking command in '/home/jef/Documents/turtlebot/ku_turtlebot/src/main_package': PYTHONPATH=/home/jef/Documents/turtlebot/ku_turtlebot/install/main_package/lib/python3.8/site-packages:${PYTHONPATH} /usr/bin/python3 setup.py egg_info --egg-base ../../build/main_package build --build-base /home/jef/Documents/turtlebot/ku_turtlebot/build/main_package/build install --prefix /home/jef/Documents/turtlebot/ku_turtlebot/install/main_package --record /home/jef/Documents/turtlebot/ku_turtlebot/build/main_package/install.log --single-version-externally-managed
[0.396s] running egg_info
[0.397s] creating ../../build/main_package/main_package.egg-info
[0.397s] writing ../../build/main_package/main_package.egg-info/PKG-INFO
[0.397s] writing dependency_links to ../../build/main_package/main_package.egg-info/dependency_links.txt
[0.397s] writing entry points to ../../build/main_package/main_package.egg-info/entry_points.txt
[0.397s] writing requirements to ../../build/main_package/main_package.egg-info/requires.txt
[0.398s] writing top-level names to ../../build/main_package/main_package.egg-info/top_level.txt
[0.399s] writing manifest file '../../build/main_package/main_package.egg-info/SOURCES.txt'
[0.428s] reading manifest file '../../build/main_package/main_package.egg-info/SOURCES.txt'
[0.429s] writing manifest file '../../build/main_package/main_package.egg-info/SOURCES.txt'
[0.430s] running build
[0.430s] running build_py
[0.430s] creating /home/jef/Documents/turtlebot/ku_turtlebot/build/main_package/build
[0.430s] creating /home/jef/Documents/turtlebot/ku_turtlebot/build/main_package/build/lib
[0.430s] creating /home/jef/Documents/turtlebot/ku_turtlebot/build/main_package/build/lib/main_package
[0.430s] copying main_package/lidar.py -> /home/jef/Documents/turtlebot/ku_turtlebot/build/main_package/build/lib/main_package
[0.430s] copying main_package/webcam_test.py -> /home/jef/Documents/turtlebot/ku_turtlebot/build/main_package/build/lib/main_package
[0.430s] copying main_package/demo_pub.py -> /home/jef/Documents/turtlebot/ku_turtlebot/build/main_package/build/lib/main_package
[0.430s] copying main_package/demo_sub.py -> /home/jef/Documents/turtlebot/ku_turtlebot/build/main_package/build/lib/main_package
[0.430s] copying main_package/__init__.py -> /home/jef/Documents/turtlebot/ku_turtlebot/build/main_package/build/lib/main_package
[0.431s] copying main_package/webcam.py -> /home/jef/Documents/turtlebot/ku_turtlebot/build/main_package/build/lib/main_package
[0.431s] running install
[0.431s] running install_lib
[0.432s] creating /home/jef/Documents/turtlebot/ku_turtlebot/install/main_package/lib/python3.8/site-packages/main_package
[0.432s] copying /home/jef/Documents/turtlebot/ku_turtlebot/build/main_package/build/lib/main_package/lidar.py -> /home/jef/Documents/turtlebot/ku_turtlebot/install/main_package/lib/python3.8/site-packages/main_package
[0.432s] copying /home/jef/Documents/turtlebot/ku_turtlebot/build/main_package/build/lib/main_package/webcam_test.py -> /home/jef/Documents/turtlebot/ku_turtlebot/install/main_package/lib/python3.8/site-packages/main_package
[0.432s] copying /home/jef/Documents/turtlebot/ku_turtlebot/build/main_package/build/lib/main_package/demo_pub.py -> /home/jef/Documents/turtlebot/ku_turtlebot/install/main_package/lib/python3.8/site-packages/main_package
[0.433s] copying /home/jef/Documents/turtlebot/ku_turtlebot/build/main_package/build/lib/main_package/demo_sub.py -> /home/jef/Documents/turtlebot/ku_turtlebot/install/main_package/lib/python3.8/site-packages/main_package
[0.433s] copying /home/jef/Documents/turtlebot/ku_turtlebot/build/main_package/build/lib/main_package/__init__.py -> /home/jef/Documents/turtlebot/ku_turtlebot/install/main_package/lib/python3.8/site-packages/main_package
[0.433s] copying /home/jef/Documents/turtlebot/ku_turtlebot/build/main_package/build/lib/main_package/webcam.py -> /home/jef/Documents/turtlebot/ku_turtlebot/install/main_package/lib/python3.8/site-packages/main_package
[0.433s] byte-compiling /home/jef/Documents/turtlebot/ku_turtlebot/install/main_package/lib/python3.8/site-packages/main_package/lidar.py to lidar.cpython-38.pyc
[0.434s] Sorry: TabError: inconsistent use of tabs and spaces in indentation (lidar.py, line 13)
[0.435s] byte-compiling /home/jef/Documents/turtlebot/ku_turtlebot/install/main_package/lib/python3.8/site-packages/main_package/webcam_test.py to webcam_test.cpython-38.pyc
[0.435s] byte-compiling /home/jef/Documents/turtlebot/ku_turtlebot/install/main_package/lib/python3.8/site-packages/main_package/demo_pub.py to demo_pub.cpython-38.pyc
[0.435s] byte-compiling /home/jef/Documents/turtlebot/ku_turtlebot/install/main_package/lib/python3.8/site-packages/main_package/demo_sub.py to demo_sub.cpython-38.pyc
[0.436s] byte-compiling /home/jef/Documents/turtlebot/ku_turtlebot/install/main_package/lib/python3.8/site-packages/main_package/__init__.py to __init__.cpython-38.pyc
[0.436s] byte-compiling /home/jef/Documents/turtlebot/ku_turtlebot/install/main_package/lib/python3.8/site-packages/main_package/webcam.py to webcam.cpython-38.pyc
[0.437s] running install_data
[0.437s] running install_egg_info
[0.439s] Copying ../../build/main_package/main_package.egg-info to /home/jef/Documents/turtlebot/ku_turtlebot/install/main_package/lib/python3.8/site-packages/main_package-0.0.0-py3.8.egg-info
[0.440s] running install_scripts
[0.458s] Installing listener script to /home/jef/Documents/turtlebot/ku_turtlebot/install/main_package/lib/main_package
[0.458s] Installing talker script to /home/jef/Documents/turtlebot/ku_turtlebot/install/main_package/lib/main_package
[0.458s] Installing webcam script to /home/jef/Documents/turtlebot/ku_turtlebot/install/main_package/lib/main_package
[0.458s] Installing webcam_test script to /home/jef/Documents/turtlebot/ku_turtlebot/install/main_package/lib/main_package
[0.458s] writing list of installed files to '/home/jef/Documents/turtlebot/ku_turtlebot/build/main_package/install.log'
[0.479s] Invoked command in '/home/jef/Documents/turtlebot/ku_turtlebot/src/main_package' returned '0': PYTHONPATH=/home/jef/Documents/turtlebot/ku_turtlebot/install/main_package/lib/python3.8/site-packages:${PYTHONPATH} /usr/bin/python3 setup.py egg_info --egg-base ../../build/main_package build --build-base /home/jef/Documents/turtlebot/ku_turtlebot/build/main_package/build install --prefix /home/jef/Documents/turtlebot/ku_turtlebot/install/main_package --record /home/jef/Documents/turtlebot/ku_turtlebot/build/main_package/install.log --single-version-externally-managed
