[0.265s] Invoking command in '/home/jordy/ku_turtlebot/src/main_package': PYTHONPATH=/home/jordy/ku_turtlebot/install/main_package/lib/python3.8/site-packages:${PYTHONPATH} /usr/bin/python3 setup.py egg_info --egg-base ../../build/main_package build --build-base /home/jordy/ku_turtlebot/build/main_package/build install --prefix /home/jordy/ku_turtlebot/install/main_package --record /home/jordy/ku_turtlebot/build/main_package/install.log --single-version-externally-managed
[0.491s] running egg_info
[0.492s] creating ../../build/main_package/main_package.egg-info
[0.492s] writing ../../build/main_package/main_package.egg-info/PKG-INFO
[0.492s] writing dependency_links to ../../build/main_package/main_package.egg-info/dependency_links.txt
[0.492s] writing entry points to ../../build/main_package/main_package.egg-info/entry_points.txt
[0.492s] writing requirements to ../../build/main_package/main_package.egg-info/requires.txt
[0.492s] writing top-level names to ../../build/main_package/main_package.egg-info/top_level.txt
[0.494s] writing manifest file '../../build/main_package/main_package.egg-info/SOURCES.txt'
[0.526s] reading manifest file '../../build/main_package/main_package.egg-info/SOURCES.txt'
[0.527s] writing manifest file '../../build/main_package/main_package.egg-info/SOURCES.txt'
[0.527s] running build
[0.527s] running build_py
[0.527s] creating /home/jordy/ku_turtlebot/build/main_package/build
[0.527s] creating /home/jordy/ku_turtlebot/build/main_package/build/lib
[0.527s] creating /home/jordy/ku_turtlebot/build/main_package/build/lib/main_package
[0.528s] copying main_package/__init__.py -> /home/jordy/ku_turtlebot/build/main_package/build/lib/main_package
[0.528s] running install
[0.528s] running install_lib
[0.530s] creating /home/jordy/ku_turtlebot/install/main_package/lib/python3.8/site-packages/main_package
[0.530s] copying /home/jordy/ku_turtlebot/build/main_package/build/lib/main_package/__init__.py -> /home/jordy/ku_turtlebot/install/main_package/lib/python3.8/site-packages/main_package
[0.530s] byte-compiling /home/jordy/ku_turtlebot/install/main_package/lib/python3.8/site-packages/main_package/__init__.py to __init__.cpython-38.pyc
[0.531s] running install_data
[0.532s] creating /home/jordy/ku_turtlebot/install/main_package/share/ament_index
[0.532s] creating /home/jordy/ku_turtlebot/install/main_package/share/ament_index/resource_index
[0.532s] creating /home/jordy/ku_turtlebot/install/main_package/share/ament_index/resource_index/packages
[0.533s] copying resource/main_package -> /home/jordy/ku_turtlebot/install/main_package/share/ament_index/resource_index/packages
[0.533s] copying package.xml -> /home/jordy/ku_turtlebot/install/main_package/share/main_package
[0.533s] running install_egg_info
[0.534s] Copying ../../build/main_package/main_package.egg-info to /home/jordy/ku_turtlebot/install/main_package/lib/python3.8/site-packages/main_package-0.0.0-py3.8.egg-info
[0.535s] running install_scripts
[0.554s] writing list of installed files to '/home/jordy/ku_turtlebot/build/main_package/install.log'
[0.579s] Invoked command in '/home/jordy/ku_turtlebot/src/main_package' returned '0': PYTHONPATH=/home/jordy/ku_turtlebot/install/main_package/lib/python3.8/site-packages:${PYTHONPATH} /usr/bin/python3 setup.py egg_info --egg-base ../../build/main_package build --build-base /home/jordy/ku_turtlebot/build/main_package/build install --prefix /home/jordy/ku_turtlebot/install/main_package --record /home/jordy/ku_turtlebot/build/main_package/install.log --single-version-externally-managed
