[1.677s] DEBUG:colcon:Command line arguments: ['/usr/bin/colcon', 'build', '--packages-select', 'main_package']
[1.677s] DEBUG:colcon:Parsed command line arguments: Namespace(ament_cmake_args=None, base_paths=['.'], build_base='build', catkin_cmake_args=None, catkin_skip_building_tests=False, cmake_args=None, cmake_clean_cache=False, cmake_clean_first=False, cmake_force_configure=False, cmake_target=None, cmake_target_skip_unavailable=False, continue_on_error=False, event_handlers=None, executor='parallel', ignore_user_meta=False, install_base='install', log_base=None, log_level=None, main=<bound method BuildVerb.main of <colcon_core.verb.build.BuildVerb object at 0x7f1fd2f988b0>>, merge_install=False, metas=['./colcon.meta'], packages_above=None, packages_above_and_dependencies=None, packages_above_depth=None, packages_end=None, packages_ignore=None, packages_ignore_regex=None, packages_select=['main_package'], packages_select_build_failed=False, packages_select_by_dep=None, packages_select_regex=None, packages_select_test_failures=False, packages_skip=None, packages_skip_build_finished=False, packages_skip_by_dep=None, packages_skip_regex=None, packages_skip_test_passed=False, packages_skip_up_to=None, packages_start=None, packages_up_to=None, packages_up_to_regex=None, parallel_workers=4, paths=None, symlink_install=False, test_result_base=None, verb_extension=<colcon_core.verb.build.BuildVerb object at 0x7f1fd2f988b0>, verb_name='build', verb_parser=<colcon_defaults.argument_parser.defaults.DefaultArgumentsDecorator object at 0x7f1fd2f98e20>)
[1.765s] Level 1:colcon.colcon_core.package_discovery:discover_packages(colcon_meta) check parameters
[1.766s] Level 1:colcon.colcon_core.package_discovery:discover_packages(recursive) check parameters
[1.766s] Level 1:colcon.colcon_core.package_discovery:discover_packages(ignore) check parameters
[1.766s] Level 1:colcon.colcon_core.package_discovery:discover_packages(path) check parameters
[1.766s] Level 1:colcon.colcon_core.package_discovery:discover_packages(colcon_meta) discover
[1.766s] Level 1:colcon.colcon_core.package_discovery:discover_packages(recursive) discover
[1.766s] INFO:colcon.colcon_core.package_discovery:Crawling recursively for packages in '/home/jordy/ku_turtlebot'
[1.766s] Level 1:colcon.colcon_core.package_identification:_identify(.) by extensions ['ignore', 'ignore_ament_install']
[1.767s] Level 1:colcon.colcon_core.package_identification:_identify(.) by extension 'ignore'
[1.767s] Level 1:colcon.colcon_core.package_identification:_identify(.) by extension 'ignore_ament_install'
[1.767s] Level 1:colcon.colcon_core.package_identification:_identify(.) by extensions ['colcon_pkg']
[1.767s] Level 1:colcon.colcon_core.package_identification:_identify(.) by extension 'colcon_pkg'
[1.767s] Level 1:colcon.colcon_core.package_identification:_identify(.) by extensions ['colcon_meta']
[1.767s] Level 1:colcon.colcon_core.package_identification:_identify(.) by extension 'colcon_meta'
[1.767s] Level 1:colcon.colcon_core.package_identification:_identify(.) by extensions ['ros']
[1.767s] Level 1:colcon.colcon_core.package_identification:_identify(.) by extension 'ros'
[1.836s] Level 1:colcon.colcon_core.package_identification:_identify(.) by extensions ['cmake', 'python']
[1.836s] Level 1:colcon.colcon_core.package_identification:_identify(.) by extension 'cmake'
[1.836s] Level 1:colcon.colcon_core.package_identification:_identify(.) by extension 'python'
[1.836s] Level 1:colcon.colcon_core.package_identification:_identify(.) by extensions ['python_setup_py']
[1.836s] Level 1:colcon.colcon_core.package_identification:_identify(.) by extension 'python_setup_py'
[1.836s] Level 1:colcon.colcon_core.package_identification:_identify(build) by extensions ['ignore', 'ignore_ament_install']
[1.836s] Level 1:colcon.colcon_core.package_identification:_identify(build) by extension 'ignore'
[1.837s] Level 1:colcon.colcon_core.package_identification:_identify(build) ignored
[1.837s] Level 1:colcon.colcon_core.package_identification:_identify(data) by extensions ['ignore', 'ignore_ament_install']
[1.837s] Level 1:colcon.colcon_core.package_identification:_identify(data) by extension 'ignore'
[1.837s] Level 1:colcon.colcon_core.package_identification:_identify(data) by extension 'ignore_ament_install'
[1.837s] Level 1:colcon.colcon_core.package_identification:_identify(data) by extensions ['colcon_pkg']
[1.837s] Level 1:colcon.colcon_core.package_identification:_identify(data) by extension 'colcon_pkg'
[1.837s] Level 1:colcon.colcon_core.package_identification:_identify(data) by extensions ['colcon_meta']
[1.837s] Level 1:colcon.colcon_core.package_identification:_identify(data) by extension 'colcon_meta'
[1.838s] Level 1:colcon.colcon_core.package_identification:_identify(data) by extensions ['ros']
[1.838s] Level 1:colcon.colcon_core.package_identification:_identify(data) by extension 'ros'
[1.838s] Level 1:colcon.colcon_core.package_identification:_identify(data) by extensions ['cmake', 'python']
[1.838s] Level 1:colcon.colcon_core.package_identification:_identify(data) by extension 'cmake'
[1.838s] Level 1:colcon.colcon_core.package_identification:_identify(data) by extension 'python'
[1.838s] Level 1:colcon.colcon_core.package_identification:_identify(data) by extensions ['python_setup_py']
[1.838s] Level 1:colcon.colcon_core.package_identification:_identify(data) by extension 'python_setup_py'
[1.839s] Level 1:colcon.colcon_core.package_identification:_identify(install) by extensions ['ignore', 'ignore_ament_install']
[1.839s] Level 1:colcon.colcon_core.package_identification:_identify(install) by extension 'ignore'
[1.839s] Level 1:colcon.colcon_core.package_identification:_identify(install) ignored
[1.840s] Level 1:colcon.colcon_core.package_identification:_identify(log) by extensions ['ignore', 'ignore_ament_install']
[1.840s] Level 1:colcon.colcon_core.package_identification:_identify(log) by extension 'ignore'
[1.840s] Level 1:colcon.colcon_core.package_identification:_identify(log) ignored
[1.841s] Level 1:colcon.colcon_core.package_identification:_identify(src) by extensions ['ignore', 'ignore_ament_install']
[1.841s] Level 1:colcon.colcon_core.package_identification:_identify(src) by extension 'ignore'
[1.841s] Level 1:colcon.colcon_core.package_identification:_identify(src) by extension 'ignore_ament_install'
[1.841s] Level 1:colcon.colcon_core.package_identification:_identify(src) by extensions ['colcon_pkg']
[1.841s] Level 1:colcon.colcon_core.package_identification:_identify(src) by extension 'colcon_pkg'
[1.841s] Level 1:colcon.colcon_core.package_identification:_identify(src) by extensions ['colcon_meta']
[1.841s] Level 1:colcon.colcon_core.package_identification:_identify(src) by extension 'colcon_meta'
[1.841s] Level 1:colcon.colcon_core.package_identification:_identify(src) by extensions ['ros']
[1.841s] Level 1:colcon.colcon_core.package_identification:_identify(src) by extension 'ros'
[1.842s] Level 1:colcon.colcon_core.package_identification:_identify(src) by extensions ['cmake', 'python']
[1.842s] Level 1:colcon.colcon_core.package_identification:_identify(src) by extension 'cmake'
[1.842s] Level 1:colcon.colcon_core.package_identification:_identify(src) by extension 'python'
[1.842s] Level 1:colcon.colcon_core.package_identification:_identify(src) by extensions ['python_setup_py']
[1.842s] Level 1:colcon.colcon_core.package_identification:_identify(src) by extension 'python_setup_py'
[1.842s] Level 1:colcon.colcon_core.package_identification:_identify(src/main_package) by extensions ['ignore', 'ignore_ament_install']
[1.842s] Level 1:colcon.colcon_core.package_identification:_identify(src/main_package) by extension 'ignore'
[1.842s] Level 1:colcon.colcon_core.package_identification:_identify(src/main_package) by extension 'ignore_ament_install'
[1.843s] Level 1:colcon.colcon_core.package_identification:_identify(src/main_package) by extensions ['colcon_pkg']
[1.843s] Level 1:colcon.colcon_core.package_identification:_identify(src/main_package) by extension 'colcon_pkg'
[1.843s] Level 1:colcon.colcon_core.package_identification:_identify(src/main_package) by extensions ['colcon_meta']
[1.843s] Level 1:colcon.colcon_core.package_identification:_identify(src/main_package) by extension 'colcon_meta'
[1.843s] Level 1:colcon.colcon_core.package_identification:_identify(src/main_package) by extensions ['ros']
[1.843s] Level 1:colcon.colcon_core.package_identification:_identify(src/main_package) by extension 'ros'
[1.894s] DEBUG:colcon.colcon_core.package_identification:Package 'src/main_package' with type 'ros.ament_python' and name 'main_package'
[1.894s] Level 1:colcon.colcon_core.package_discovery:discover_packages(recursive) using defaults
[1.894s] Level 1:colcon.colcon_core.package_discovery:discover_packages(ignore) discover
[1.894s] Level 1:colcon.colcon_core.package_discovery:discover_packages(ignore) using defaults
[1.894s] Level 1:colcon.colcon_core.package_discovery:discover_packages(path) discover
[1.894s] Level 1:colcon.colcon_core.package_discovery:discover_packages(path) using defaults
[2.015s] Level 5:colcon.colcon_core.verb:set package 'main_package' build argument 'cmake_args' from command line to 'None'
[2.015s] Level 5:colcon.colcon_core.verb:set package 'main_package' build argument 'cmake_target' from command line to 'None'
[2.015s] Level 5:colcon.colcon_core.verb:set package 'main_package' build argument 'cmake_target_skip_unavailable' from command line to 'False'
[2.015s] Level 5:colcon.colcon_core.verb:set package 'main_package' build argument 'cmake_clean_cache' from command line to 'False'
[2.015s] Level 5:colcon.colcon_core.verb:set package 'main_package' build argument 'cmake_clean_first' from command line to 'False'
[2.016s] Level 5:colcon.colcon_core.verb:set package 'main_package' build argument 'cmake_force_configure' from command line to 'False'
[2.016s] Level 5:colcon.colcon_core.verb:set package 'main_package' build argument 'ament_cmake_args' from command line to 'None'
[2.016s] Level 5:colcon.colcon_core.verb:set package 'main_package' build argument 'catkin_cmake_args' from command line to 'None'
[2.016s] Level 5:colcon.colcon_core.verb:set package 'main_package' build argument 'catkin_skip_building_tests' from command line to 'False'
[2.016s] DEBUG:colcon.colcon_core.verb:Building package 'main_package' with the following arguments: {'ament_cmake_args': None, 'build_base': '/home/jordy/ku_turtlebot/build/main_package', 'catkin_cmake_args': None, 'catkin_skip_building_tests': False, 'cmake_args': None, 'cmake_clean_cache': False, 'cmake_clean_first': False, 'cmake_force_configure': False, 'cmake_target': None, 'cmake_target_skip_unavailable': False, 'install_base': '/home/jordy/ku_turtlebot/install/main_package', 'merge_install': False, 'path': '/home/jordy/ku_turtlebot/src/main_package', 'symlink_install': False, 'test_result_base': None}
[2.016s] INFO:colcon.colcon_core.executor:Executing jobs using 'parallel' executor
[2.019s] DEBUG:colcon.colcon_parallel_executor.executor.parallel:run_until_complete
[2.019s] INFO:colcon.colcon_ros.task.ament_python.build:Building ROS package in '/home/jordy/ku_turtlebot/src/main_package' with build type 'ament_python'
[2.019s] Level 1:colcon.colcon_core.shell:create_environment_hook('main_package', 'ament_prefix_path')
[2.090s] INFO:colcon.colcon_core.plugin_system:Skipping extension 'colcon_core.shell.bat': Not used on non-Windows systems
[2.090s] INFO:colcon.colcon_core.shell:Creating environment hook '/home/jordy/ku_turtlebot/install/main_package/share/main_package/hook/ament_prefix_path.ps1'
[2.102s] INFO:colcon.colcon_core.shell:Creating environment descriptor '/home/jordy/ku_turtlebot/install/main_package/share/main_package/hook/ament_prefix_path.dsv'
[2.121s] INFO:colcon.colcon_core.shell:Creating environment hook '/home/jordy/ku_turtlebot/install/main_package/share/main_package/hook/ament_prefix_path.sh'
[2.123s] INFO:colcon.colcon_core.shell:Skip shell extension 'powershell' for command environment: Not usable outside of PowerShell
[2.123s] DEBUG:colcon.colcon_core.shell:Skip shell extension 'dsv' for command environment
[2.150s] DEBUG:colcon.colcon_core.shell:Ignoring prefix path '/opt/ros/foxy'
[2.427s] INFO:colcon.colcon_core.task.python.build:Building Python package in '/home/jordy/ku_turtlebot/src/main_package'
[2.428s] INFO:colcon.colcon_core.shell:Skip shell extension 'powershell' for command environment: Not usable outside of PowerShell
[2.428s] DEBUG:colcon.colcon_core.shell:Skip shell extension 'dsv' for command environment
[2.430s] DEBUG:colcon.colcon_core.shell:Ignoring prefix path '/opt/ros/foxy'
[2.438s] DEBUG:colcon.colcon_core.event_handler.log_command:Invoking command in '/home/jordy/ku_turtlebot/src/main_package': CONDA_PROMPT_MODIFIER=(cs) PYTHONPATH=/home/jordy/ku_turtlebot/install/main_package/lib/python3.8/site-packages:${PYTHONPATH} /usr/bin/python3 setup.py egg_info --egg-base ../../build/main_package build --build-base /home/jordy/ku_turtlebot/build/main_package/build install --prefix /home/jordy/ku_turtlebot/install/main_package --record /home/jordy/ku_turtlebot/build/main_package/install.log --single-version-externally-managed
[3.405s] DEBUG:colcon.colcon_core.event_handler.log_command:Invoked command in '/home/jordy/ku_turtlebot/src/main_package' returned '0': CONDA_PROMPT_MODIFIER=(cs) PYTHONPATH=/home/jordy/ku_turtlebot/install/main_package/lib/python3.8/site-packages:${PYTHONPATH} /usr/bin/python3 setup.py egg_info --egg-base ../../build/main_package build --build-base /home/jordy/ku_turtlebot/build/main_package/build install --prefix /home/jordy/ku_turtlebot/install/main_package --record /home/jordy/ku_turtlebot/build/main_package/install.log --single-version-externally-managed
[3.490s] Level 1:colcon.colcon_core.environment:checking '/home/jordy/ku_turtlebot/install/main_package' for CMake module files
[3.491s] Level 1:colcon.colcon_core.environment:checking '/home/jordy/ku_turtlebot/install/main_package' for CMake config files
[3.518s] Level 1:colcon.colcon_core.environment:checking '/home/jordy/ku_turtlebot/install/main_package/lib'
[3.519s] Level 1:colcon.colcon_core.environment:checking '/home/jordy/ku_turtlebot/install/main_package/bin'
[3.519s] Level 1:colcon.colcon_core.environment:checking '/home/jordy/ku_turtlebot/install/main_package/lib/pkgconfig/main_package.pc'
[3.519s] Level 1:colcon.colcon_core.environment:checking '/home/jordy/ku_turtlebot/install/main_package/lib/python3.8/site-packages'
[3.519s] Level 1:colcon.colcon_core.shell:create_environment_hook('main_package', 'pythonpath')
[3.520s] INFO:colcon.colcon_core.shell:Creating environment hook '/home/jordy/ku_turtlebot/install/main_package/share/main_package/hook/pythonpath.ps1'
[3.521s] INFO:colcon.colcon_core.shell:Creating environment descriptor '/home/jordy/ku_turtlebot/install/main_package/share/main_package/hook/pythonpath.dsv'
[3.522s] INFO:colcon.colcon_core.shell:Creating environment hook '/home/jordy/ku_turtlebot/install/main_package/share/main_package/hook/pythonpath.sh'
[3.523s] Level 1:colcon.colcon_core.environment:create_environment_scripts_only(main_package)
[3.524s] INFO:colcon.colcon_core.shell:Creating package script '/home/jordy/ku_turtlebot/install/main_package/share/main_package/package.ps1'
[3.545s] INFO:colcon.colcon_core.shell:Creating package descriptor '/home/jordy/ku_turtlebot/install/main_package/share/main_package/package.dsv'
[3.563s] INFO:colcon.colcon_core.shell:Creating package script '/home/jordy/ku_turtlebot/install/main_package/share/main_package/package.sh'
[3.565s] INFO:colcon.colcon_core.shell:Creating package script '/home/jordy/ku_turtlebot/install/main_package/share/main_package/package.bash'
[3.585s] INFO:colcon.colcon_core.shell:Creating package script '/home/jordy/ku_turtlebot/install/main_package/share/main_package/package.zsh'
[3.586s] Level 1:colcon.colcon_core.environment:create_file_with_runtime_dependencies(/home/jordy/ku_turtlebot/install/main_package/share/colcon-core/packages/main_package)
[3.587s] DEBUG:colcon.colcon_parallel_executor.executor.parallel:closing loop
[3.588s] DEBUG:colcon.colcon_parallel_executor.executor.parallel:loop closed
[3.588s] DEBUG:colcon.colcon_parallel_executor.executor.parallel:run_until_complete finished with '0'
[3.588s] DEBUG:colcon.colcon_core.event_reactor:joining thread
[3.616s] INFO:colcon.colcon_core.plugin_system:Skipping extension 'colcon_notification.desktop_notification.terminal_notifier': Not used on non-Darwin systems
[3.616s] INFO:colcon.colcon_core.plugin_system:Skipping extension 'colcon_notification.desktop_notification.win32': Not used on non-Windows systems
[3.616s] INFO:colcon.colcon_notification.desktop_notification:Sending desktop notification using 'notify2'
[3.639s] DEBUG:colcon.colcon_core.event_reactor:joined thread
[3.640s] INFO:colcon.colcon_core.shell:Creating prefix script '/home/jordy/ku_turtlebot/install/local_setup.ps1'
[3.645s] INFO:colcon.colcon_core.shell:Creating prefix util module '/home/jordy/ku_turtlebot/install/_local_setup_util_ps1.py'
[3.647s] INFO:colcon.colcon_core.shell:Creating prefix chain script '/home/jordy/ku_turtlebot/install/setup.ps1'
[3.650s] INFO:colcon.colcon_core.shell:Creating prefix script '/home/jordy/ku_turtlebot/install/local_setup.sh'
[3.651s] INFO:colcon.colcon_core.shell:Creating prefix util module '/home/jordy/ku_turtlebot/install/_local_setup_util_sh.py'
[3.652s] INFO:colcon.colcon_core.shell:Creating prefix chain script '/home/jordy/ku_turtlebot/install/setup.sh'
[3.656s] INFO:colcon.colcon_core.shell:Creating prefix script '/home/jordy/ku_turtlebot/install/local_setup.bash'
[3.657s] INFO:colcon.colcon_core.shell:Creating prefix chain script '/home/jordy/ku_turtlebot/install/setup.bash'
[3.660s] INFO:colcon.colcon_core.shell:Creating prefix script '/home/jordy/ku_turtlebot/install/local_setup.zsh'
[3.661s] INFO:colcon.colcon_core.shell:Creating prefix chain script '/home/jordy/ku_turtlebot/install/setup.zsh'
