[0.290s] Invoking command in '/home/student/ku_turtlebot/src/main_package': PYTHONPATH=/home/student/ku_turtlebot/install/main_package/lib/python3.8/site-packages:${PYTHONPATH} /usr/bin/python3 setup.py egg_info --egg-base ../../build/main_package build --build-base /home/student/ku_turtlebot/build/main_package/build install --prefix /home/student/ku_turtlebot/install/main_package --record /home/student/ku_turtlebot/build/main_package/install.log --single-version-externally-managed
[0.522s] running egg_info
[0.522s] writing ../../build/main_package/main_package.egg-info/PKG-INFO
[0.523s] writing dependency_links to ../../build/main_package/main_package.egg-info/dependency_links.txt
[0.523s] writing entry points to ../../build/main_package/main_package.egg-info/entry_points.txt
[0.524s] writing requirements to ../../build/main_package/main_package.egg-info/requires.txt
[0.524s] writing top-level names to ../../build/main_package/main_package.egg-info/top_level.txt
[0.560s] reading manifest file '../../build/main_package/main_package.egg-info/SOURCES.txt'
[0.562s] writing manifest file '../../build/main_package/main_package.egg-info/SOURCES.txt'
[0.562s] running build
[0.562s] running build_py
[0.563s] copying main_package/sonar.py -> /home/student/ku_turtlebot/build/main_package/build/lib/main_package
[0.563s] running install
[0.564s] running install_lib
[0.566s] copying /home/student/ku_turtlebot/build/main_package/build/lib/main_package/sonar.py -> /home/student/ku_turtlebot/install/main_package/lib/python3.8/site-packages/main_package
[0.566s] byte-compiling /home/student/ku_turtlebot/install/main_package/lib/python3.8/site-packages/main_package/sonar.py to sonar.cpython-38.pyc
[0.567s] running install_data
[0.568s] Sorry: TabError: inconsistent use of tabs and spaces in indentation (sonar.py, line 39)
[0.568s] running install_egg_info
[0.575s] removing '/home/student/ku_turtlebot/install/main_package/lib/python3.8/site-packages/main_package-0.0.0-py3.8.egg-info' (and everything under it)
[0.575s] Copying ../../build/main_package/main_package.egg-info to /home/student/ku_turtlebot/install/main_package/lib/python3.8/site-packages/main_package-0.0.0-py3.8.egg-info
[0.575s] running install_scripts
[0.597s] Installing listener script to /home/student/ku_turtlebot/install/main_package/lib/main_package
[0.597s] Installing sonar_test script to /home/student/ku_turtlebot/install/main_package/lib/main_package
[0.597s] Installing talker script to /home/student/ku_turtlebot/install/main_package/lib/main_package
[0.598s] Installing webcam script to /home/student/ku_turtlebot/install/main_package/lib/main_package
[0.598s] Installing webcam_test script to /home/student/ku_turtlebot/install/main_package/lib/main_package
[0.599s] writing list of installed files to '/home/student/ku_turtlebot/build/main_package/install.log'
[0.624s] Invoked command in '/home/student/ku_turtlebot/src/main_package' returned '0': PYTHONPATH=/home/student/ku_turtlebot/install/main_package/lib/python3.8/site-packages:${PYTHONPATH} /usr/bin/python3 setup.py egg_info --egg-base ../../build/main_package build --build-base /home/student/ku_turtlebot/build/main_package/build install --prefix /home/student/ku_turtlebot/install/main_package --record /home/student/ku_turtlebot/build/main_package/install.log --single-version-externally-managed
